
[2019-06-13 14:22:41] UTN FRA LOGGER.INFO: metodo=GET, URI=http%3A%2F%2Flocalhost%2FFull-API-REST-Skeleton%2Fpublic, RUTA=cd, autoridad=localhost [] {"uid":"cbdaafa"}
[2019-06-13 14:22:41] UTN FRA LOGGER.INFO: Slim-Skeleton '/' route [] {"uid":"cbdaafa"}
[2019-06-13 14:23:14] UTN FRA LOGGER.INFO: metodo=GET, URI=http%3A%2F%2Flocalhost%2FFull-API-REST-Skeleton%2Fpublic, RUTA=cd, autoridad=localhost [] {"uid":"51c39c8"}
[2019-06-13 14:23:14] UTN FRA LOGGER.INFO: Slim-Skeleton '/' route [] {"uid":"51c39c8"}
[2019-06-13 14:31:21] UTN FRA LOGGER.INFO: metodo=GET, URI=http%3A%2F%2Flocalhost%2FFull-API-REST-Skeleton%2Fpublic, RUTA=cd, autoridad=localhost [] {"uid":"8c0519b"}
[2019-06-13 14:31:21] UTN FRA LOGGER.INFO: Slim-Skeleton '/' route [] {"uid":"8c0519b"}
[2019-06-13 14:33:01] UTN FRA LOGGER.INFO: metodo=POST, URI=http%3A%2F%2Flocalhost%2FFull-API-REST-Skeleton%2Fpublic, RUTA=cd, autoridad=localhost [] {"uid":"0b2cd96"}
[2019-06-13 14:33:04] UTN FRA LOGGER.INFO: metodo=POST, URI=http%3A%2F%2Flocalhost%2FFull-API-REST-Skeleton%2Fpublic, RUTA=cd%2F, autoridad=localhost [] {"uid":"c6b9506"}
[2019-06-13 14:33:08] UTN FRA LOGGER.INFO: metodo=POST, URI=http%3A%2F%2Flocalhost%2FFull-API-REST-Skeleton%2Fpublic, RUTA=cd, autoridad=localhost [] {"uid":"be6a201"}
[2019-06-13 14:33:14] UTN FRA LOGGER.INFO: metodo=GET, URI=http%3A%2F%2Flocalhost%2FFull-API-REST-Skeleton%2Fpublic, RUTA=cd, autoridad=localhost [] {"uid":"c72b911"}
[2019-06-13 14:33:14] UTN FRA LOGGER.INFO: Slim-Skeleton '/' route [] {"uid":"c72b911"}
[2019-06-13 14:41:27] UTN FRA LOGGER.INFO: metodo=GET, URI=http%3A%2F%2Flocalhost%2FFull-API-REST-Skeleton%2Fpublic, RUTA=cd, autoridad=localhost [] {"uid":"a176d8c"}
[2019-06-13 14:41:27] UTN FRA LOGGER.INFO: Slim-Skeleton '/' route [] {"uid":"a176d8c"}
[2019-06-13 14:46:20] UTN FRA LOGGER.INFO: metodo=GET, URI=http%3A%2F%2Flocalhost%2FFull-API-REST-Skeleton%2Fpublic, RUTA=cd, autoridad=localhost [] {"uid":"ee35737"}
[2019-06-13 14:46:20] UTN FRA LOGGER.INFO: Slim-Skeleton '/' route [] {"uid":"ee35737"}
[2019-06-13 14:48:37] UTN FRA LOGGER.INFO: metodo=GET, URI=http%3A%2F%2Flocalhost%2FFull-API-REST-Skeleton%2Fpublic, RUTA=cd, autoridad=localhost [] {"uid":"abec998"}
[2019-06-13 14:48:37] UTN FRA LOGGER.INFO: Slim-Skeleton '/' route [] {"uid":"abec998"}
[2019-06-13 14:48:52] UTN FRA LOGGER.INFO: metodo=GET, URI=http%3A%2F%2Flocalhost%2FFull-API-REST-Skeleton%2Fpublic, RUTA=cd, autoridad=localhost [] {"uid":"8673393"}
[2019-06-13 14:48:52] UTN FRA LOGGER.INFO: Slim-Skeleton '/' route [] {"uid":"8673393"}
[2019-06-13 14:48:59] UTN FRA LOGGER.INFO: metodo=GET, URI=http%3A%2F%2Flocalhost%2FFull-API-REST-Skeleton%2Fpublic, RUTA=%2F, autoridad=localhost [] {"uid":"4ea4dca"}
[2019-06-13 14:48:59] UTN FRA LOGGER.INFO: Slim-Skeleton '/' route [] {"uid":"4ea4dca"}
[2019-06-13 14:50:13] UTN FRA LOGGER.INFO: metodo=GET, URI=http%3A%2F%2Flocalhost%2FFull-API-REST-Skeleton%2Fpublic, RUTA=cd, autoridad=localhost [] {"uid":"7226ecc"}
[2019-06-13 14:50:13] UTN FRA LOGGER.INFO: Slim-Skeleton '/' route [] {"uid":"7226ecc"}
[2019-06-13 14:51:49] UTN FRA LOGGER.INFO: metodo=GET, URI=http%3A%2F%2Flocalhost%2FFull-API-REST-Skeleton%2Fpublic, RUTA=cd, autoridad=localhost [] {"uid":"436b3d9"}
[2019-06-13 14:51:49] UTN FRA LOGGER.INFO: Slim-Skeleton '/' route [] {"uid":"436b3d9"}
[2019-06-13 14:52:04] UTN FRA LOGGER.INFO: metodo=GET, URI=http%3A%2F%2Flocalhost%2FFull-API-REST-Skeleton%2Fpublic, RUTA=cdsadsad, autoridad=localhost [] {"uid":"1d5953a"}
[2019-06-13 14:52:04] UTN FRA LOGGER.INFO: Slim-Skeleton '/' route [] {"uid":"1d5953a"}
[2019-06-13 14:52:24] UTN FRA LOGGER.INFO: metodo=GET, URI=http%3A%2F%2Flocalhost%2FFull-API-REST-Skeleton%2Fpublic, RUTA=cdsadsad, autoridad=localhost [] {"uid":"e59d193"}
[2019-06-13 14:52:24] UTN FRA LOGGER.INFO: Slim-Skeleton '/' route [] {"uid":"e59d193"}
[2019-06-13 14:52:34] UTN FRA LOGGER.INFO: metodo=GET, URI=http%3A%2F%2Flocalhost%2FFull-API-REST-Skeleton%2Fpublic, RUTA=cddasasd, autoridad=localhost [] {"uid":"04a9747"}
[2019-06-13 14:52:34] UTN FRA LOGGER.INFO: Slim-Skeleton '/' route [] {"uid":"04a9747"}
[2019-06-13 14:54:41] UTN FRA LOGGER.INFO: metodo=GET, URI=http%3A%2F%2Flocalhost%2FFull-API-REST-Skeleton%2Fpublic, RUTA=cd, autoridad=localhost [] {"uid":"f107aba"}
[2019-06-13 14:54:41] UTN FRA LOGGER.INFO: Slim-Skeleton '/' route [] {"uid":"f107aba"}
[2019-06-13 15:40:36] UTN FRA LOGGER.INFO: metodo=GET, URI=http%3A%2F%2Flocalhost%2FFull-API-REST-Skeleton%2Fpublic, RUTA=cd, autoridad=localhost [] {"uid":"ef8c25a"}
[2019-06-13 15:40:36] UTN FRA LOGGER.INFO: Slim-Skeleton '/' route [] {"uid":"ef8c25a"}
[2019-06-13 15:40:42] UTN FRA LOGGER.INFO: metodo=GET, URI=http%3A%2F%2Flocalhost%2FFull-API-REST-Skeleton%2Fpublic, RUTA=JWT%2F, autoridad=localhost [] {"uid":"357fab5"}
[2019-06-13 15:41:29] UTN FRA LOGGER.INFO: metodo=GET, URI=http%3A%2F%2Flocalhost%2FFull-API-REST-Skeleton%2Fpublic, RUTA=JWT%2F, autoridad=localhost [] {"uid":"3f334b7"}
[2019-06-13 15:42:30] UTN FRA LOGGER.INFO: metodo=GET, URI=http%3A%2F%2Flocalhost%2FFull-API-REST-Skeleton%2Fpublic, RUTA=JWT%2F, autoridad=localhost [] {"uid":"f77f1dc"}
[2019-06-13 15:45:52] UTN FRA LOGGER.INFO: metodo=GET, URI=http%3A%2F%2Flocalhost%2FFull-API-REST-Skeleton%2Fpublic, RUTA=JWT%2F, autoridad=localhost [] {"uid":"ebede7d"}
[2019-06-13 15:46:48] UTN FRA LOGGER.INFO: metodo=GET, URI=http%3A%2F%2Flocalhost%2FFull-API-REST-Skeleton%2Fpublic, RUTA=JWT%2F, autoridad=localhost [] {"uid":"0ecbf97"}
[2019-06-13 15:46:49] UTN FRA LOGGER.INFO: metodo=GET, URI=http%3A%2F%2Flocalhost%2FFull-API-REST-Skeleton%2Fpublic, RUTA=JWT%2F, autoridad=localhost [] {"uid":"282c134"}
[2019-06-13 15:46:50] UTN FRA LOGGER.INFO: metodo=GET, URI=http%3A%2F%2Flocalhost%2FFull-API-REST-Skeleton%2Fpublic, RUTA=JWT%2F, autoridad=localhost [] {"uid":"3c95600"}
[2019-06-13 15:47:05] UTN FRA LOGGER.INFO: metodo=GET, URI=http%3A%2F%2Flocalhost%2FFull-API-REST-Skeleton%2Fpublic, RUTA=JWT%2F, autoridad=localhost [] {"uid":"c621b16"}
[2019-06-13 15:47:10] UTN FRA LOGGER.INFO: metodo=GET, URI=http%3A%2F%2Flocalhost%2FFull-API-REST-Skeleton%2Fpublic, RUTA=cd, autoridad=localhost [] {"uid":"bf6f035"}
[2019-06-13 15:47:10] UTN FRA LOGGER.INFO: Slim-Skeleton '/' route [] {"uid":"bf6f035"}
[2019-06-13 15:47:16] UTN FRA LOGGER.INFO: metodo=GET, URI=http%3A%2F%2Flocalhost%2FFull-API-REST-Skeleton%2Fpublic, RUTA=JWT%2F, autoridad=localhost [] {"uid":"cfac656"}
[2019-06-13 15:47:52] UTN FRA LOGGER.INFO: metodo=GET, URI=http%3A%2F%2Flocalhost%2FFull-API-REST-Skeleton%2Fpublic, RUTA=JWT%2F, autoridad=localhost [] {"uid":"e14969e"}
[2019-06-13 15:47:55] UTN FRA LOGGER.INFO: metodo=GET, URI=http%3A%2F%2Flocalhost%2FFull-API-REST-Skeleton%2Fpublic, RUTA=JWT, autoridad=localhost [] {"uid":"6b74752"}
[2019-06-13 15:47:55] UTN FRA LOGGER.INFO: Slim-Skeleton '/' route [] {"uid":"6b74752"}
[2019-06-13 15:48:12] UTN FRA LOGGER.INFO: metodo=GET, URI=http%3A%2F%2Flocalhost%2FFull-API-REST-Skeleton%2Fpublic, RUTA=JWT%2FcrearToken, autoridad=localhost [] {"uid":"4d4a878"}
[2019-06-13 15:48:15] UTN FRA LOGGER.INFO: metodo=GET, URI=http%3A%2F%2Flocalhost%2FFull-API-REST-Skeleton%2Fpublic, RUTA=JWT%2FcrearToken%2F, autoridad=localhost [] {"uid":"85c7bd2"}
[2019-06-13 15:50:55] UTN FRA LOGGER.INFO: metodo=GET, URI=http%3A%2F%2Flocalhost%2FFull-API-REST-Skeleton%2Fpublic, RUTA=JWT%2F, autoridad=localhost [] {"uid":"809f0d9"}
[2019-06-13 15:51:28] UTN FRA LOGGER.INFO: metodo=GET, URI=http%3A%2F%2Flocalhost%2FFull-API-REST-Skeleton%2Fpublic, RUTA=JWT%2FdevolverPayLoad, autoridad=localhost [] {"uid":"c4c1acb"}
[2019-06-13 15:51:33] UTN FRA LOGGER.INFO: metodo=GET, URI=http%3A%2F%2Flocalhost%2FFull-API-REST-Skeleton%2Fpublic, RUTA=JWT%2FdevolverPayLoad%2F, autoridad=localhost [] {"uid":"b2bb375"}
[2019-06-13 15:53:23] UTN FRA LOGGER.INFO: metodo=GET, URI=http%3A%2F%2Flocalhost%2FFull-API-REST-Skeleton%2Fpublic, RUTA=JWT%2FdevolverPayLoad%2F, autoridad=localhost [] {"uid":"4be0464"}
[2019-06-13 15:53:26] UTN FRA LOGGER.INFO: metodo=GET, URI=http%3A%2F%2Flocalhost%2FFull-API-REST-Skeleton%2Fpublic, RUTA=JWT%2FdevolverPayLoad%2F, autoridad=localhost [] {"uid":"d345f1e"}
[2019-06-13 15:54:00] UTN FRA LOGGER.INFO: metodo=GET, URI=http%3A%2F%2Flocalhost%2FFull-API-REST-Skeleton%2Fpublic, RUTA=JWT%2FdevolverPayLoad%2F, autoridad=localhost [] {"uid":"914db4e"}
[2019-06-13 15:54:01] UTN FRA LOGGER.INFO: metodo=GET, URI=http%3A%2F%2Flocalhost%2FFull-API-REST-Skeleton%2Fpublic, RUTA=JWT%2FdevolverPayLoad%2F, autoridad=localhost [] {"uid":"d8926fc"}
[2019-06-13 15:54:01] UTN FRA LOGGER.INFO: metodo=GET, URI=http%3A%2F%2Flocalhost%2FFull-API-REST-Skeleton%2Fpublic, RUTA=JWT%2FdevolverPayLoad%2F, autoridad=localhost [] {"uid":"e6913b2"}
[2019-06-13 15:54:01] UTN FRA LOGGER.INFO: metodo=GET, URI=http%3A%2F%2Flocalhost%2FFull-API-REST-Skeleton%2Fpublic, RUTA=JWT%2FdevolverPayLoad%2F, autoridad=localhost [] {"uid":"eb07b32"}
[2019-06-13 15:54:01] UTN FRA LOGGER.INFO: metodo=GET, URI=http%3A%2F%2Flocalhost%2FFull-API-REST-Skeleton%2Fpublic, RUTA=JWT%2FdevolverPayLoad%2F, autoridad=localhost [] {"uid":"5283686"}
[2019-06-13 15:54:02] UTN FRA LOGGER.INFO: metodo=GET, URI=http%3A%2F%2Flocalhost%2FFull-API-REST-Skeleton%2Fpublic, RUTA=JWT%2FdevolverPayLoad%2F, autoridad=localhost [] {"uid":"14a954e"}
[2019-06-13 15:54:02] UTN FRA LOGGER.INFO: metodo=GET, URI=http%3A%2F%2Flocalhost%2FFull-API-REST-Skeleton%2Fpublic, RUTA=JWT%2FdevolverPayLoad%2F, autoridad=localhost [] {"uid":"904e4eb"}
[2019-06-13 15:54:29] UTN FRA LOGGER.INFO: metodo=GET, URI=http%3A%2F%2Flocalhost%2FFull-API-REST-Skeleton%2Fpublic, RUTA=JWT%2FdevolverPayLoad%2F, autoridad=localhost [] {"uid":"6aa5ecf"}
[2019-06-13 15:54:53] UTN FRA LOGGER.INFO: metodo=GET, URI=http%3A%2F%2Flocalhost%2FFull-API-REST-Skeleton%2Fpublic, RUTA=JWT%2FdevolverPayLoad%2F, autoridad=localhost [] {"uid":"8a18527"}
[2019-06-13 16:14:20] UTN FRA LOGGER.INFO: metodo=GET, URI=http%3A%2F%2Flocalhost%2FFull-API-REST-Skeleton%2Fpublic, RUTA=JWT%2F, autoridad=localhost [] {"uid":"55a4605"}
[2019-06-13 16:14:25] UTN FRA LOGGER.INFO: metodo=POST, URI=http%3A%2F%2Flocalhost%2FFull-API-REST-Skeleton%2Fpublic, RUTA=JWT%2F, autoridad=localhost [] {"uid":"f981075"}
[2019-06-13 16:16:52] UTN FRA LOGGER.INFO: metodo=POST, URI=http%3A%2F%2Flocalhost%2FFull-API-REST-Skeleton%2Fpublic, RUTA=JWT%2F, autoridad=localhost [] {"uid":"46748bf"}
[2019-06-13 16:16:56] UTN FRA LOGGER.INFO: metodo=POST, URI=http%3A%2F%2Flocalhost%2FFull-API-REST-Skeleton%2Fpublic, RUTA=JWT%2F, autoridad=localhost [] {"uid":"0caf1e0"}
[2019-06-13 16:17:07] UTN FRA LOGGER.INFO: metodo=GET, URI=http%3A%2F%2Flocalhost%2FFull-API-REST-Skeleton%2Fpublic, RUTA=JWT%2F, autoridad=localhost [] {"uid":"6dd0ab4"}
[2019-06-13 16:19:09] UTN FRA LOGGER.INFO: metodo=GET, URI=http%3A%2F%2Flocalhost%2FFull-API-REST-Skeleton%2Fpublic, RUTA=JWT%2F, autoridad=localhost [] {"uid":"37dd024"}
[2019-06-13 16:19:58] UTN FRA LOGGER.INFO: metodo=GET, URI=http%3A%2F%2Flocalhost%2FFull-API-REST-Skeleton%2Fpublic, RUTA=JWT%2F, autoridad=localhost [] {"uid":"b69d6ce"}
[2019-06-13 16:20:00] UTN FRA LOGGER.INFO: metodo=GET, URI=http%3A%2F%2Flocalhost%2FFull-API-REST-Skeleton%2Fpublic, RUTA=JWT%2F, autoridad=localhost [] {"uid":"681fbe6"}
[2019-06-13 16:20:32] UTN FRA LOGGER.INFO: metodo=GET, URI=http%3A%2F%2Flocalhost%2FFull-API-REST-Skeleton%2Fpublic, RUTA=JWT%2F, autoridad=localhost [] {"uid":"1ef71a1"}
[2019-06-13 16:20:40] UTN FRA LOGGER.INFO: metodo=GET, URI=http%3A%2F%2Flocalhost%2FFull-API-REST-Skeleton%2Fpublic, RUTA=JWT%2F, autoridad=localhost [] {"uid":"9dfad57"}
[2019-11-13 00:59:28] UTN FRA LOGGER.INFO: metodo=POST, URI=http%3A%2F%2Flocalhost%2FSkeleton%2Fpublic, RUTA=user%2Fusuario, autoridad=localhost [] {"uid":"356967f"}
[2019-11-18 03:35:57] UTN FRA LOGGER.INFO: metodo=POST, URI=http%3A%2F%2Flocalhost%2FSkeleton%2Fpublic, RUTA=user%2Fusuario, autoridad=localhost [] {"uid":"a24f0e0"}
[2019-11-18 03:35:59] UTN FRA LOGGER.INFO: metodo=POST, URI=http%3A%2F%2Flocalhost%2FSkeleton%2Fpublic, RUTA=user%2Fusuario, autoridad=localhost [] {"uid":"e1bac02"}
[2019-11-18 03:43:17] UTN FRA LOGGER.INFO: metodo=POST, URI=http%3A%2F%2Flocalhost%2FSkeleton%2Fpublic, RUTA=user%2Fusuario, autoridad=localhost [] {"uid":"6e83e9a"}
[2019-11-25 01:28:35] UTN FRA LOGGER.INFO: metodo=GET, URI=http%3A%2F%2Flocalhost%2FModeloSegundoParcial%2FPracticaSP%2FSkeleton%2Fpublic, RUTA=%2F, autoridad=localhost [] {"uid":"93868fd"}
[2019-11-25 01:30:22] UTN FRA LOGGER.INFO: metodo=GET, URI=http%3A%2F%2Flocalhost%2FModeloSegundoParcial%2FPracticaSP%2FSkeleton%2Fpublic, RUTA=Usuario%2Fusuario, autoridad=localhost [] {"uid":"1ee928b"}
[2019-11-25 01:30:27] UTN FRA LOGGER.INFO: metodo=POST, URI=http%3A%2F%2Flocalhost%2FModeloSegundoParcial%2FPracticaSP%2FSkeleton%2Fpublic, RUTA=Usuario%2Fusuario, autoridad=localhost [] {"uid":"9d33a72"}
[2019-11-25 01:32:18] UTN FRA LOGGER.INFO: metodo=GET, URI=http%3A%2F%2Flocalhost%2FModeloSegundoParcial%2FPracticaSP%2FSkeleton%2Fpublic, RUTA=Usuario%2Flogin, autoridad=localhost [] {"uid":"8c1e3f3"}
[2019-11-25 01:32:23] UTN FRA LOGGER.INFO: metodo=POST, URI=http%3A%2F%2Flocalhost%2FModeloSegundoParcial%2FPracticaSP%2FSkeleton%2Fpublic, RUTA=Usuario%2Flogin, autoridad=localhost [] {"uid":"7780c38"}
[2019-11-25 01:33:02] UTN FRA LOGGER.INFO: metodo=GET, URI=http%3A%2F%2Flocalhost%2FModeloSegundoParcial%2FPracticaSP%2FSkeleton%2Fpublic, RUTA=%2F, autoridad=localhost [] {"uid":"257a31b"}
[2019-11-25 01:33:59] UTN FRA LOGGER.INFO: metodo=GET, URI=http%3A%2F%2Flocalhost%2FModeloSegundoParcial%2FPracticaSP%2FSkeleton%2Fpublic, RUTA=Usuario%2Flogin, autoridad=localhost [] {"uid":"f14baa7"}
[2019-11-25 01:36:49] UTN FRA LOGGER.INFO: metodo=GET, URI=http%3A%2F%2Flocalhost%2FModeloSegundoParcial%2FPracticaSP%2FSkeleton%2Fpublic, RUTA=%2F, autoridad=localhost [] {"uid":"7f3bc8e"}
[2019-11-25 01:37:09] UTN FRA LOGGER.INFO: metodo=GET, URI=http%3A%2F%2Flocalhost%2FModeloSegundoParcial%2FPracticaSP%2FSkeleton%2Fpublic, RUTA=Usuario%2Fmateria, autoridad=localhost [] {"uid":"8e4289a"}
[2019-11-25 01:37:30] UTN FRA LOGGER.INFO: metodo=GET, URI=http%3A%2F%2Flocalhost%2FModeloSegundoParcial%2FPracticaSP%2FSkeleton%2Fpublic, RUTA=Usuario%2Fmateria, autoridad=localhost [] {"uid":"840f170"}
[2019-11-25 01:37:31] UTN FRA LOGGER.INFO: metodo=POST, URI=http%3A%2F%2Flocalhost%2FModeloSegundoParcial%2FPracticaSP%2FSkeleton%2Fpublic, RUTA=Usuario%2Fmateria, autoridad=localhost [] {"uid":"d4d9590"}
[2019-11-25 01:40:30] UTN FRA LOGGER.INFO: metodo=GET, URI=http%3A%2F%2Flocalhost%2FModeloSegundoParcial%2FPracticaSP%2FSkeleton%2Fpublic, RUTA=%2F, autoridad=localhost [] {"uid":"c506e1c"}
[2019-11-25 01:42:41] UTN FRA LOGGER.INFO: metodo=POST, URI=http%3A%2F%2Flocalhost%2FModeloSegundoParcial%2FPracticaSP%2FSkeleton%2Fpublic, RUTA=user, autoridad=localhost [] {"uid":"45ab8b6"}
[2019-11-25 01:49:45] UTN FRA LOGGER.INFO: metodo=GET, URI=http%3A%2F%2Flocalhost%2FModeloSegundoParcial%2FPracticaSP%2FSkeleton%2Fpublic, RUTA=Usuario%2Fmateria, autoridad=localhost [] {"uid":"950b0c1"}
[2019-11-25 01:49:53] UTN FRA LOGGER.INFO: metodo=POST, URI=http%3A%2F%2Flocalhost%2FModeloSegundoParcial%2FPracticaSP%2FSkeleton%2Fpublic, RUTA=Usuario%2Fmateria, autoridad=localhost [] {"uid":"ffe80ac"}
[2019-11-25 01:51:24] UTN FRA LOGGER.INFO: metodo=GET, URI=http%3A%2F%2Flocalhost%2FModeloSegundoParcial%2FPracticaSP%2FSkeleton%2Fpublic, RUTA=Usuario%2Fmateria, autoridad=localhost [] {"uid":"b680692"}
[2019-11-25 01:51:34] UTN FRA LOGGER.INFO: metodo=POST, URI=http%3A%2F%2Flocalhost%2FModeloSegundoParcial%2FPracticaSP%2FSkeleton%2Fpublic, RUTA=Usuario%2Fmateria, autoridad=localhost [] {"uid":"5e29a99"}
[2019-11-25 01:52:26] UTN FRA LOGGER.INFO: metodo=POST, URI=http%3A%2F%2Flocalhost%2FModeloSegundoParcial%2FPracticaSP%2FSkeleton%2Fpublic, RUTA=Usuario%2Fusuario, autoridad=localhost [] {"uid":"cf614f7"}
[2019-11-25 01:52:37] UTN FRA LOGGER.INFO: metodo=GET, URI=http%3A%2F%2Flocalhost%2FModeloSegundoParcial%2FPracticaSP%2FSkeleton%2Fpublic, RUTA=Usuario%2Fmateria, autoridad=localhost [] {"uid":"f80cf47"}
[2019-11-25 01:52:41] UTN FRA LOGGER.INFO: metodo=POST, URI=http%3A%2F%2Flocalhost%2FModeloSegundoParcial%2FPracticaSP%2FSkeleton%2Fpublic, RUTA=Usuario%2Fusuario, autoridad=localhost [] {"uid":"621e5d5"}
[2019-11-25 01:57:10] UTN FRA LOGGER.INFO: metodo=POST, URI=http%3A%2F%2Flocalhost%2FModeloSegundoParcial%2FPracticaSP%2FSkeleton%2Fpublic, RUTA=Usuario%2Fusuario, autoridad=localhost [] {"uid":"05f295a"}
[2019-11-25 01:57:42] UTN FRA LOGGER.INFO: metodo=POST, URI=http%3A%2F%2Flocalhost%2FModeloSegundoParcial%2FPracticaSP%2FSkeleton%2Fpublic, RUTA=Usuario%2Fusuario, autoridad=localhost [] {"uid":"56504f7"}
[2019-11-25 01:58:53] UTN FRA LOGGER.INFO: metodo=GET, URI=http%3A%2F%2Flocalhost%2FModeloSegundoParcial%2FPracticaSP%2FSkeleton%2Fpublic, RUTA=Usuario%2Fmateria, autoridad=localhost [] {"uid":"1c628c1"}
[2019-11-25 01:59:56] UTN FRA LOGGER.INFO: metodo=GET, URI=http%3A%2F%2Flocalhost%2FModeloSegundoParcial%2FPracticaSP%2FSkeleton%2Fpublic, RUTA=user%2Fusuario, autoridad=localhost [] {"uid":"7d6ce1e"}
[2019-11-25 02:00:13] UTN FRA LOGGER.INFO: metodo=POST, URI=http%3A%2F%2Flocalhost%2FModeloSegundoParcial%2FPracticaSP%2FSkeleton%2Fpublic, RUTA=user%2Fusuario, autoridad=localhost [] {"uid":"4451f0b"}
[2019-11-25 02:06:00] UTN FRA LOGGER.INFO: metodo=POST, URI=http%3A%2F%2Flocalhost%2FModeloSegundoParcial%2FPracticaSP%2FSkeleton%2Fpublic, RUTA=user%2Fusuario, autoridad=localhost [] {"uid":"52b5163"}
[2019-11-25 02:23:46] UTN FRA LOGGER.INFO: metodo=POST, URI=http%3A%2F%2Flocalhost%2FModeloSegundoParcial%2FPracticaSP%2FSkeleton%2Fpublic, RUTA=user%2Fusuario, autoridad=localhost [] {"uid":"603f94b"}
[2019-11-25 02:29:04] UTN FRA LOGGER.INFO: metodo=POST, URI=http%3A%2F%2Flocalhost%2FModeloSegundoParcial%2FPracticaSP%2FSkeleton%2Fpublic, RUTA=user%2Fusuario, autoridad=localhost [] {"uid":"438f993"}
[2019-11-25 13:48:26] UTN FRA LOGGER.INFO: metodo=GET, URI=http%3A%2F%2Flocalhost%2FModeloSegundoParcial%2FPracticaSP%2FSkeleton%2Fpublic, RUTA=Usuario%2Fmateria, autoridad=localhost [] {"uid":"e0481c0"}
[2019-11-25 13:52:36] UTN FRA LOGGER.INFO: metodo=POST, URI=http%3A%2F%2Flocalhost%2FModeloSegundoParcial%2FPracticaSP%2FSkeleton%2Fpublic, RUTA=user%2Fusuario, autoridad=localhost [] {"uid":"31492e6"}
[2019-11-25 13:54:21] UTN FRA LOGGER.INFO: metodo=POST, URI=http%3A%2F%2Flocalhost%2FModeloSegundoParcial%2FPracticaSP%2FSkeleton%2Fpublic, RUTA=user%2Fusuario, autoridad=localhost [] {"uid":"b2371f6"}
[2019-11-25 14:19:17] UTN FRA LOGGER.INFO: metodo=POST, URI=http%3A%2F%2Flocalhost%2FModeloSegundoParcial%2FPracticaSP%2FSkeleton%2Fpublic, RUTA=user%2Fusuario, autoridad=localhost [] {"uid":"1fe7756"}
[2019-11-25 14:19:51] UTN FRA LOGGER.INFO: metodo=POST, URI=http%3A%2F%2Flocalhost%2FModeloSegundoParcial%2FPracticaSP%2FSkeleton%2Fpublic, RUTA=user%2Fusuario, autoridad=localhost [] {"uid":"da84ce4"}
[2019-11-25 14:20:08] UTN FRA LOGGER.INFO: metodo=POST, URI=http%3A%2F%2Flocalhost%2FModeloSegundoParcial%2FPracticaSP%2FSkeleton%2Fpublic, RUTA=user%2Fusuario, autoridad=localhost [] {"uid":"9a61e93"}
[2019-11-25 14:43:30] UTN FRA LOGGER.INFO: metodo=POST, URI=http%3A%2F%2Flocalhost%2FModeloSegundoParcial%2FPracticaSP%2FSkeleton%2Fpublic, RUTA=user%2Fusuario, autoridad=localhost [] {"uid":"d6d762b"}
[2019-11-25 14:45:03] UTN FRA LOGGER.INFO: metodo=POST, URI=http%3A%2F%2Flocalhost%2FModeloSegundoParcial%2FPracticaSP%2FSkeleton%2Fpublic, RUTA=user%2Fusuario, autoridad=localhost [] {"uid":"89121d2"}
[2019-11-25 14:45:22] UTN FRA LOGGER.INFO: metodo=POST, URI=http%3A%2F%2Flocalhost%2FModeloSegundoParcial%2FPracticaSP%2FSkeleton%2Fpublic, RUTA=user%2Fusuario, autoridad=localhost [] {"uid":"428391d"}
[2019-11-25 15:07:41] UTN FRA LOGGER.INFO: metodo=POST, URI=http%3A%2F%2Flocalhost%2FModeloSegundoParcial%2FPracticaSP%2FSkeleton%2Fpublic, RUTA=user%2Fmodificar, autoridad=localhost [] {"uid":"335b96b"}
[2019-11-25 15:08:57] UTN FRA LOGGER.INFO: metodo=POST, URI=http%3A%2F%2Flocalhost%2FModeloSegundoParcial%2FPracticaSP%2FSkeleton%2Fpublic, RUTA=user%2Fmodificar, autoridad=localhost [] {"uid":"c8ad483"}
[2019-11-25 15:09:29] UTN FRA LOGGER.INFO: metodo=POST, URI=http%3A%2F%2Flocalhost%2FModeloSegundoParcial%2FPracticaSP%2FSkeleton%2Fpublic, RUTA=user%2Fusuario, autoridad=localhost [] {"uid":"ab55e01"}
[2019-11-25 15:09:36] UTN FRA LOGGER.INFO: metodo=POST, URI=http%3A%2F%2Flocalhost%2FModeloSegundoParcial%2FPracticaSP%2FSkeleton%2Fpublic, RUTA=user%2Fmodificar, autoridad=localhost [] {"uid":"ac81e46"}
[2019-11-25 15:10:44] UTN FRA LOGGER.INFO: metodo=POST, URI=http%3A%2F%2Flocalhost%2FModeloSegundoParcial%2FPracticaSP%2FSkeleton%2Fpublic, RUTA=user%2Fusuario, autoridad=localhost [] {"uid":"8c9ff85"}
[2019-11-25 15:11:14] UTN FRA LOGGER.INFO: metodo=POST, URI=http%3A%2F%2Flocalhost%2FModeloSegundoParcial%2FPracticaSP%2FSkeleton%2Fpublic, RUTA=user%2Fusuario, autoridad=localhost [] {"uid":"0b5491d"}
[2019-11-25 15:11:32] UTN FRA LOGGER.INFO: metodo=POST, URI=http%3A%2F%2Flocalhost%2FModeloSegundoParcial%2FPracticaSP%2FSkeleton%2Fpublic, RUTA=user%2Fusuario, autoridad=localhost [] {"uid":"753b11f"}
[2019-11-25 15:11:49] UTN FRA LOGGER.INFO: metodo=POST, URI=http%3A%2F%2Flocalhost%2FModeloSegundoParcial%2FPracticaSP%2FSkeleton%2Fpublic, RUTA=user%2Fusuario, autoridad=localhost [] {"uid":"ac475fc"}
[2019-11-25 15:11:56] UTN FRA LOGGER.INFO: metodo=POST, URI=http%3A%2F%2Flocalhost%2FModeloSegundoParcial%2FPracticaSP%2FSkeleton%2Fpublic, RUTA=user%2Fusuario, autoridad=localhost [] {"uid":"0aebcaa"}
[2019-11-25 15:12:32] UTN FRA LOGGER.INFO: metodo=POST, URI=http%3A%2F%2Flocalhost%2FModeloSegundoParcial%2FPracticaSP%2FSkeleton%2Fpublic, RUTA=user%2Fusuario, autoridad=localhost [] {"uid":"2a80e2d"}
[2019-11-25 15:12:43] UTN FRA LOGGER.INFO: metodo=POST, URI=http%3A%2F%2Flocalhost%2FModeloSegundoParcial%2FPracticaSP%2FSkeleton%2Fpublic, RUTA=user%2Fusuario, autoridad=localhost [] {"uid":"5faf0db"}
[2019-11-25 15:12:47] UTN FRA LOGGER.INFO: metodo=POST, URI=http%3A%2F%2Flocalhost%2FModeloSegundoParcial%2FPracticaSP%2FSkeleton%2Fpublic, RUTA=user%2Fusuario2, autoridad=localhost [] {"uid":"e2118db"}
[2019-11-25 15:13:01] UTN FRA LOGGER.INFO: metodo=POST, URI=http%3A%2F%2Flocalhost%2FModeloSegundoParcial%2FPracticaSP%2FSkeleton%2Fpublic, RUTA=user%2Fmodificar, autoridad=localhost [] {"uid":"0d87a40"}
[2019-11-25 15:13:15] UTN FRA LOGGER.INFO: metodo=POST, URI=http%3A%2F%2Flocalhost%2FModeloSegundoParcial%2FPracticaSP%2FSkeleton%2Fpublic, RUTA=user%2Fmodificar, autoridad=localhost [] {"uid":"7cfc417"}
[2019-11-25 15:15:25] UTN FRA LOGGER.INFO: metodo=POST, URI=http%3A%2F%2Flocalhost%2FModeloSegundoParcial%2FPracticaSP%2FSkeleton%2Fpublic, RUTA=user%2Fmodificar, autoridad=localhost [] {"uid":"6258b31"}
[2019-11-25 15:16:22] UTN FRA LOGGER.INFO: metodo=POST, URI=http%3A%2F%2Flocalhost%2FModeloSegundoParcial%2FPracticaSP%2FSkeleton%2Fpublic, RUTA=user%2Fmodificar, autoridad=localhost [] {"uid":"f6ef26b"}
[2019-11-25 15:17:01] UTN FRA LOGGER.INFO: metodo=POST, URI=http%3A%2F%2Flocalhost%2FModeloSegundoParcial%2FPracticaSP%2FSkeleton%2Fpublic, RUTA=user%2Fmodificar, autoridad=localhost [] {"uid":"2e7e03e"}
[2019-11-25 15:17:52] UTN FRA LOGGER.INFO: metodo=POST, URI=http%3A%2F%2Flocalhost%2FModeloSegundoParcial%2FPracticaSP%2FSkeleton%2Fpublic, RUTA=user%2Fmodificar, autoridad=localhost [] {"uid":"962f563"}
[2019-11-25 15:18:25] UTN FRA LOGGER.INFO: metodo=POST, URI=http%3A%2F%2Flocalhost%2FModeloSegundoParcial%2FPracticaSP%2FSkeleton%2Fpublic, RUTA=user%2Fmodificar, autoridad=localhost [] {"uid":"5be83b5"}
[2019-11-25 15:24:01] UTN FRA LOGGER.INFO: metodo=POST, URI=http%3A%2F%2Flocalhost%2FModeloSegundoParcial%2FPracticaSP%2FSkeleton%2Fpublic, RUTA=user%2Fmodificar, autoridad=localhost [] {"uid":"7e2a39b"}
[2019-11-25 15:27:46] UTN FRA LOGGER.INFO: metodo=GET, URI=http%3A%2F%2Flocalhost%2FModeloSegundoParcial%2FPracticaSP%2FSkeleton%2Fpublic, RUTA=user%2Fmostrar, autoridad=localhost [] {"uid":"ba6befb"}
[2019-11-25 15:31:01] UTN FRA LOGGER.INFO: metodo=POST, URI=http%3A%2F%2Flocalhost%2FModeloSegundoParcial%2FPracticaSP%2FSkeleton%2Fpublic, RUTA=user%2Fbaja, autoridad=localhost [] {"uid":"15c33cb"}
[2019-11-25 15:31:33] UTN FRA LOGGER.INFO: metodo=POST, URI=http%3A%2F%2Flocalhost%2FModeloSegundoParcial%2FPracticaSP%2FSkeleton%2Fpublic, RUTA=user%2Fbaja, autoridad=localhost [] {"uid":"90e361c"}
[2019-11-25 15:32:09] UTN FRA LOGGER.INFO: metodo=POST, URI=http%3A%2F%2Flocalhost%2FModeloSegundoParcial%2FPracticaSP%2FSkeleton%2Fpublic, RUTA=user%2Fbaja, autoridad=localhost [] {"uid":"771a5d3"}
[2019-11-25 15:32:34] UTN FRA LOGGER.INFO: metodo=POST, URI=http%3A%2F%2Flocalhost%2FModeloSegundoParcial%2FPracticaSP%2FSkeleton%2Fpublic, RUTA=user%2Fbaja, autoridad=localhost [] {"uid":"ae6e5d2"}
[2019-11-25 15:33:06] UTN FRA LOGGER.INFO: metodo=POST, URI=http%3A%2F%2Flocalhost%2FModeloSegundoParcial%2FPracticaSP%2FSkeleton%2Fpublic, RUTA=user%2Fbaja, autoridad=localhost [] {"uid":"9f4deb2"}
[2019-11-25 15:34:03] UTN FRA LOGGER.INFO: metodo=POST, URI=http%3A%2F%2Flocalhost%2FModeloSegundoParcial%2FPracticaSP%2FSkeleton%2Fpublic, RUTA=user%2Fbaja, autoridad=localhost [] {"uid":"24e784b"}
[2019-11-25 15:34:18] UTN FRA LOGGER.INFO: metodo=POST, URI=http%3A%2F%2Flocalhost%2FModeloSegundoParcial%2FPracticaSP%2FSkeleton%2Fpublic, RUTA=user%2Fbaja, autoridad=localhost [] {"uid":"0d81a01"}
[2019-11-25 15:34:36] UTN FRA LOGGER.INFO: metodo=POST, URI=http%3A%2F%2Flocalhost%2FModeloSegundoParcial%2FPracticaSP%2FSkeleton%2Fpublic, RUTA=user%2Fbaja, autoridad=localhost [] {"uid":"66ca4d4"}
[2019-11-25 15:35:13] UTN FRA LOGGER.INFO: metodo=POST, URI=http%3A%2F%2Flocalhost%2FModeloSegundoParcial%2FPracticaSP%2FSkeleton%2Fpublic, RUTA=user%2Fbaja, autoridad=localhost [] {"uid":"960ba3a"}
[2019-11-25 15:35:24] UTN FRA LOGGER.INFO: metodo=POST, URI=http%3A%2F%2Flocalhost%2FModeloSegundoParcial%2FPracticaSP%2FSkeleton%2Fpublic, RUTA=user%2Fbaja, autoridad=localhost [] {"uid":"828ae7f"}
[2019-11-25 15:35:35] UTN FRA LOGGER.INFO: metodo=POST, URI=http%3A%2F%2Flocalhost%2FModeloSegundoParcial%2FPracticaSP%2FSkeleton%2Fpublic, RUTA=user%2Fbaja, autoridad=localhost [] {"uid":"a428d4b"}
[2019-11-25 15:36:08] UTN FRA LOGGER.INFO: metodo=POST, URI=http%3A%2F%2Flocalhost%2FModeloSegundoParcial%2FPracticaSP%2FSkeleton%2Fpublic, RUTA=user%2Fbaja, autoridad=localhost [] {"uid":"65d5c32"}
[2019-11-25 15:41:05] UTN FRA LOGGER.INFO: metodo=POST, URI=http%3A%2F%2Flocalhost%2FModeloSegundoParcial%2FPracticaSP%2FSkeleton%2Fpublic, RUTA=user%2Fbaja, autoridad=localhost [] {"uid":"dc6bf32"}
[2019-11-25 15:41:25] UTN FRA LOGGER.INFO: metodo=POST, URI=http%3A%2F%2Flocalhost%2FModeloSegundoParcial%2FPracticaSP%2FSkeleton%2Fpublic, RUTA=user%2Fbaja, autoridad=localhost [] {"uid":"48d66a5"}
[2019-11-25 15:50:39] UTN FRA LOGGER.INFO: metodo=POST, URI=http%3A%2F%2Flocalhost%2FModeloSegundoParcial%2FPracticaSP%2FSkeleton%2Fpublic, RUTA=user%2Fbaja, autoridad=localhost [] {"uid":"e91e206"}
[2019-11-25 15:51:17] UTN FRA LOGGER.INFO: metodo=POST, URI=http%3A%2F%2Flocalhost%2FModeloSegundoParcial%2FPracticaSP%2FSkeleton%2Fpublic, RUTA=user%2Fbaja, autoridad=localhost [] {"uid":"13d40a6"}
[2019-11-25 15:52:07] UTN FRA LOGGER.INFO: metodo=POST, URI=http%3A%2F%2Flocalhost%2FModeloSegundoParcial%2FPracticaSP%2FSkeleton%2Fpublic, RUTA=user%2Fbaja, autoridad=localhost [] {"uid":"5f27842"}
[2019-11-25 15:52:49] UTN FRA LOGGER.INFO: metodo=POST, URI=http%3A%2F%2Flocalhost%2FModeloSegundoParcial%2FPracticaSP%2FSkeleton%2Fpublic, RUTA=user%2Fbaja, autoridad=localhost [] {"uid":"ce7aa47"}
[2019-11-25 15:53:01] UTN FRA LOGGER.INFO: metodo=POST, URI=http%3A%2F%2Flocalhost%2FModeloSegundoParcial%2FPracticaSP%2FSkeleton%2Fpublic, RUTA=user%2Fbaja, autoridad=localhost [] {"uid":"cd70f11"}
[2019-11-25 16:12:25] UTN FRA LOGGER.INFO: metodo=POST, URI=http%3A%2F%2Flocalhost%2FModeloSegundoParcial%2FPracticaSP%2FSkeleton%2Fpublic, RUTA=user%2Fusuario, autoridad=localhost [] {"uid":"ba249c8"}
[2019-11-25 16:18:03] UTN FRA LOGGER.INFO: metodo=POST, URI=http%3A%2F%2Flocalhost%2FModeloSegundoParcial%2FPracticaSP%2FSkeleton%2Fpublic, RUTA=login%2Flog, autoridad=localhost [] {"uid":"48dddb4"}
[2019-11-25 16:22:58] UTN FRA LOGGER.INFO: metodo=POST, URI=http%3A%2F%2Flocalhost%2FModeloSegundoParcial%2FPracticaSP%2FSkeleton%2Fpublic, RUTA=login%2Flog, autoridad=localhost [] {"uid":"044a422"}
[2019-11-25 16:24:14] UTN FRA LOGGER.INFO: metodo=POST, URI=http%3A%2F%2Flocalhost%2FModeloSegundoParcial%2FPracticaSP%2FSkeleton%2Fpublic, RUTA=login%2Flog, autoridad=localhost [] {"uid":"ee63eb4"}
[2019-11-25 16:27:35] UTN FRA LOGGER.INFO: metodo=POST, URI=http%3A%2F%2Flocalhost%2FModeloSegundoParcial%2FPracticaSP%2FSkeleton%2Fpublic, RUTA=login%2Flog, autoridad=localhost [] {"uid":"939aca5"}
[2019-11-25 16:29:29] UTN FRA LOGGER.INFO: metodo=POST, URI=http%3A%2F%2Flocalhost%2FModeloSegundoParcial%2FPracticaSP%2FSkeleton%2Fpublic, RUTA=login%2Flog, autoridad=localhost [] {"uid":"27de278"}
[2019-11-25 16:36:29] UTN FRA LOGGER.INFO: metodo=POST, URI=http%3A%2F%2Flocalhost%2FModeloSegundoParcial%2FPracticaSP%2FSkeleton%2Fpublic, RUTA=login%2Flog, autoridad=localhost [] {"uid":"00a05d0"}
[2019-11-25 16:36:43] UTN FRA LOGGER.INFO: metodo=POST, URI=http%3A%2F%2Flocalhost%2FModeloSegundoParcial%2FPracticaSP%2FSkeleton%2Fpublic, RUTA=login%2Flog, autoridad=localhost [] {"uid":"c2e39cf"}
[2019-11-25 16:36:56] UTN FRA LOGGER.INFO: metodo=POST, URI=http%3A%2F%2Flocalhost%2FModeloSegundoParcial%2FPracticaSP%2FSkeleton%2Fpublic, RUTA=login%2Flog, autoridad=localhost [] {"uid":"1ec98d6"}
[2019-11-25 16:37:02] UTN FRA LOGGER.INFO: metodo=POST, URI=http%3A%2F%2Flocalhost%2FModeloSegundoParcial%2FPracticaSP%2FSkeleton%2Fpublic, RUTA=login%2Flog, autoridad=localhost [] {"uid":"b47f93f"}
[2019-11-25 16:37:06] UTN FRA LOGGER.INFO: metodo=POST, URI=http%3A%2F%2Flocalhost%2FModeloSegundoParcial%2FPracticaSP%2FSkeleton%2Fpublic, RUTA=login%2Flog, autoridad=localhost [] {"uid":"5304422"}
[2019-11-25 18:40:23] UTN FRA LOGGER.INFO: metodo=POST, URI=http%3A%2F%2Flocalhost%2FModeloSegundoParcial%2FPracticaSP%2FSkeleton%2Fpublic, RUTA=mater%2Fmateria, autoridad=localhost [] {"uid":"d79573e"}
[2019-11-25 18:41:11] UTN FRA LOGGER.INFO: metodo=POST, URI=http%3A%2F%2Flocalhost%2FModeloSegundoParcial%2FPracticaSP%2FSkeleton%2Fpublic, RUTA=mater%2Fmateria, autoridad=localhost [] {"uid":"173e073"}
[2019-11-25 18:41:36] UTN FRA LOGGER.INFO: metodo=POST, URI=http%3A%2F%2Flocalhost%2FModeloSegundoParcial%2FPracticaSP%2FSkeleton%2Fpublic, RUTA=mater%2Fmateria, autoridad=localhost [] {"uid":"927abe6"}
[2019-11-25 18:42:18] UTN FRA LOGGER.INFO: metodo=POST, URI=http%3A%2F%2Flocalhost%2FModeloSegundoParcial%2FPracticaSP%2FSkeleton%2Fpublic, RUTA=mater%2Fmateria, autoridad=localhost [] {"uid":"191e2f0"}
[2019-11-25 18:42:48] UTN FRA LOGGER.INFO: metodo=POST, URI=http%3A%2F%2Flocalhost%2FModeloSegundoParcial%2FPracticaSP%2FSkeleton%2Fpublic, RUTA=mater%2Fmateria, autoridad=localhost [] {"uid":"e3a3c18"}
[2019-11-25 19:13:49] UTN FRA LOGGER.INFO: metodo=POST, URI=http%3A%2F%2Flocalhost%2FModeloSegundoParcial%2FPracticaSP%2FSkeleton%2Fpublic, RUTA=mater%2Fmateria, autoridad=localhost [] {"uid":"a582746"}
[2019-11-25 19:14:27] UTN FRA LOGGER.INFO: metodo=POST, URI=http%3A%2F%2Flocalhost%2FModeloSegundoParcial%2FPracticaSP%2FSkeleton%2Fpublic, RUTA=login%2Flog, autoridad=localhost [] {"uid":"8f4d3a4"}
[2019-11-25 19:14:32] UTN FRA LOGGER.INFO: metodo=POST, URI=http%3A%2F%2Flocalhost%2FModeloSegundoParcial%2FPracticaSP%2FSkeleton%2Fpublic, RUTA=mater%2Fmateria, autoridad=localhost [] {"uid":"859db86"}
[2019-11-25 19:21:10] UTN FRA LOGGER.INFO: metodo=POST, URI=http%3A%2F%2Flocalhost%2FModeloSegundoParcial%2FPracticaSP%2FSkeleton%2Fpublic, RUTA=mater%2Fmateria, autoridad=localhost [] {"uid":"996dd9f"}
[2019-11-25 19:21:29] UTN FRA LOGGER.INFO: metodo=POST, URI=http%3A%2F%2Flocalhost%2FModeloSegundoParcial%2FPracticaSP%2FSkeleton%2Fpublic, RUTA=mater%2Fmateria, autoridad=localhost [] {"uid":"22e74c8"}
[2019-11-25 19:24:30] UTN FRA LOGGER.INFO: metodo=POST, URI=http%3A%2F%2Flocalhost%2FModeloSegundoParcial%2FPracticaSP%2FSkeleton%2Fpublic, RUTA=mater%2Fmateria, autoridad=localhost [] {"uid":"3a3ce69"}
[2019-11-25 19:24:57] UTN FRA LOGGER.INFO: metodo=POST, URI=http%3A%2F%2Flocalhost%2FModeloSegundoParcial%2FPracticaSP%2FSkeleton%2Fpublic, RUTA=mater%2Fmateria, autoridad=localhost [] {"uid":"249ca51"}
[2019-11-25 19:25:22] UTN FRA LOGGER.INFO: metodo=POST, URI=http%3A%2F%2Flocalhost%2FModeloSegundoParcial%2FPracticaSP%2FSkeleton%2Fpublic, RUTA=mater%2Fmateria, autoridad=localhost [] {"uid":"6d9d345"}
[2019-11-25 19:25:42] UTN FRA LOGGER.INFO: metodo=POST, URI=http%3A%2F%2Flocalhost%2FModeloSegundoParcial%2FPracticaSP%2FSkeleton%2Fpublic, RUTA=mater%2Fmateria, autoridad=localhost [] {"uid":"4196715"}
[2019-11-25 19:25:53] UTN FRA LOGGER.INFO: metodo=POST, URI=http%3A%2F%2Flocalhost%2FModeloSegundoParcial%2FPracticaSP%2FSkeleton%2Fpublic, RUTA=mater%2Fmateria, autoridad=localhost [] {"uid":"7bb7b91"}
[2019-11-25 19:35:15] UTN FRA LOGGER.INFO: metodo=POST, URI=http%3A%2F%2Flocalhost%2FModeloSegundoParcial%2FPracticaSP%2FSkeleton%2Fpublic, RUTA=mater%2Fmateria, autoridad=localhost [] {"uid":"cc59795"}
[2019-11-25 20:05:41] UTN FRA LOGGER.INFO: metodo=POST, URI=http%3A%2F%2Flocalhost%2FModeloSegundoParcial%2FPracticaSP%2FSkeleton%2Fpublic, RUTA=user%2Fusuario, autoridad=localhost [] {"uid":"ee0234a"}
[2019-11-25 20:50:04] UTN FRA LOGGER.INFO: metodo=POST, URI=http%3A%2F%2Flocalhost%2FModeloSegundoParcial%2FPracticaSP%2FSkeleton%2Fpublic, RUTA=ingreso%2Fingreso, autoridad=localhost [] {"uid":"9609f92"}
[2019-11-25 20:52:18] UTN FRA LOGGER.INFO: metodo=POST, URI=http%3A%2F%2Flocalhost%2FModeloSegundoParcial%2FPracticaSP%2FSkeleton%2Fpublic, RUTA=ingreso%2Fingreso, autoridad=localhost [] {"uid":"41d6b97"}
[2019-11-25 20:52:43] UTN FRA LOGGER.INFO: metodo=POST, URI=http%3A%2F%2Flocalhost%2FModeloSegundoParcial%2FPracticaSP%2FSkeleton%2Fpublic, RUTA=ingreso%2Fegreso, autoridad=localhost [] {"uid":"f59bbb1"}
[2019-11-25 20:53:49] UTN FRA LOGGER.INFO: metodo=POST, URI=http%3A%2F%2Flocalhost%2FModeloSegundoParcial%2FPracticaSP%2FSkeleton%2Fpublic, RUTA=user%2Fusuario, autoridad=localhost [] {"uid":"7cb04b3"}
[2019-11-25 22:39:01] UTN FRA LOGGER.INFO: metodo=POST, URI=http%3A%2F%2Flocalhost%2FModeloSegundoParcial%2FPracticaSP%2FSkeleton%2Fpublic, RUTA=user%2Fusuario, autoridad=localhost [] {"uid":"9dab66d"}
[2019-11-25 22:40:03] UTN FRA LOGGER.INFO: metodo=POST, URI=http%3A%2F%2Flocalhost%2FModeloSegundoParcial%2FPracticaSP%2FSkeleton%2Fpublic, RUTA=user%2Fusuario, autoridad=localhost [] {"uid":"47312f7"}
