InnoDB: using atomic writes.
2019-09-16 18:34:14 0 [Note] InnoDB: Mutexes and rw_locks use Windows interlocked functions
2019-09-16 18:34:14 0 [Note] InnoDB: Uses event mutexes
2019-09-16 18:34:14 0 [Note] InnoDB: Compressed tables use zlib 1.2.11
2019-09-16 18:34:14 0 [Note] InnoDB: Number of pools: 1
2019-09-16 18:34:14 0 [Note] InnoDB: Using SSE2 crc32 instructions
2019-09-16 18:34:14 0 [Note] InnoDB: Initializing buffer pool, total size = 16M, instances = 1, chunk size = 16M
2019-09-16 18:34:14 0 [Note] InnoDB: Completed initialization of buffer pool
2019-09-16 18:34:14 0 [Note] InnoDB: 128 out of 128 rollback segments are active.
2019-09-16 18:34:14 0 [Note] InnoDB: Creating shared tablespace for temporary tables
2019-09-16 18:34:14 0 [Note] InnoDB: Setting file 'D:\Pino\ProgIII\Xampp\mysql\data\ibtmp1' size to 12 MB. Physically writing the file full; Please wait ...
2019-09-16 18:34:14 0 [Note] InnoDB: File 'D:\Pino\ProgIII\Xampp\mysql\data\ibtmp1' size is now 12 MB.
2019-09-16 18:34:14 0 [Note] InnoDB: Waiting for purge to start
2019-09-16 18:34:14 0 [Note] InnoDB: 10.4.6 started; log sequence number 294606; transaction id 138
2019-09-16 18:34:14 0 [Note] Plugin 'FEEDBACK' is disabled.
2019-09-16 18:34:14 0 [Note] InnoDB: Loading buffer pool(s) from D:\Pino\ProgIII\Xampp\mysql\data\ib_buffer_pool
2019-09-16 18:34:14 0 [Note] Server socket created on IP: '::'.
2019-09-16 18:34:15 0 [Note] Reading of all Master_info entries succeeded
2019-09-16 18:34:15 0 [Note] Added new Master_info '' to hash table
2019-09-16 18:34:15 0 [Note] d:\pino\progiii\xampp\mysql\bin\mysqld.exe: ready for connections.
Version: '10.4.6-MariaDB'  socket: ''  port: 3306  mariadb.org binary distribution
2019-09-16 18:34:15 0 [Note] InnoDB: Buffer pool(s) load completed at 190916 18:34:15
InnoDB: using atomic writes.
2019-09-16 20:04:01 0 [Note] InnoDB: Mutexes and rw_locks use Windows interlocked functions
2019-09-16 20:04:01 0 [Note] InnoDB: Uses event mutexes
2019-09-16 20:04:01 0 [Note] InnoDB: Compressed tables use zlib 1.2.11
2019-09-16 20:04:01 0 [Note] InnoDB: Number of pools: 1
2019-09-16 20:04:01 0 [Note] InnoDB: Using SSE2 crc32 instructions
2019-09-16 20:04:01 0 [Note] InnoDB: Initializing buffer pool, total size = 16M, instances = 1, chunk size = 16M
2019-09-16 20:04:01 0 [Note] InnoDB: Completed initialization of buffer pool
2019-09-16 20:04:01 0 [Note] InnoDB: Starting crash recovery from checkpoint LSN=294606
2019-09-16 20:04:01 0 [Note] InnoDB: 128 out of 128 rollback segments are active.
2019-09-16 20:04:01 0 [Note] InnoDB: Removed temporary tablespace data file: "ibtmp1"
2019-09-16 20:04:01 0 [Note] InnoDB: Creating shared tablespace for temporary tables
2019-09-16 20:04:01 0 [Note] InnoDB: Setting file 'D:\Pino\ProgIII\Xampp\mysql\data\ibtmp1' size to 12 MB. Physically writing the file full; Please wait ...
2019-09-16 20:04:01 0 [Note] InnoDB: File 'D:\Pino\ProgIII\Xampp\mysql\data\ibtmp1' size is now 12 MB.
2019-09-16 20:04:01 0 [Note] InnoDB: Waiting for purge to start
2019-09-16 20:04:01 0 [Note] InnoDB: 10.4.6 started; log sequence number 294615; transaction id 138
2019-09-16 20:04:01 0 [Note] InnoDB: Loading buffer pool(s) from D:\Pino\ProgIII\Xampp\mysql\data\ib_buffer_pool
2019-09-16 20:04:01 0 [Note] Plugin 'FEEDBACK' is disabled.
2019-09-16 20:04:01 0 [Note] Server socket created on IP: '::'.
2019-09-16 20:04:01 0 [Note] Reading of all Master_info entries succeeded
2019-09-16 20:04:01 0 [Note] Added new Master_info '' to hash table
2019-09-16 20:04:01 0 [Note] d:\pino\progiii\xampp\mysql\bin\mysqld.exe: ready for connections.
Version: '10.4.6-MariaDB'  socket: ''  port: 3306  mariadb.org binary distribution
2019-09-16 20:04:01 0 [Note] InnoDB: Buffer pool(s) load completed at 190916 20:04:01
InnoDB: using atomic writes.
2019-09-16 20:05:12 0 [Note] InnoDB: Mutexes and rw_locks use Windows interlocked functions
2019-09-16 20:05:12 0 [Note] InnoDB: Uses event mutexes
2019-09-16 20:05:12 0 [Note] InnoDB: Compressed tables use zlib 1.2.11
2019-09-16 20:05:12 0 [Note] InnoDB: Number of pools: 1
2019-09-16 20:05:12 0 [Note] InnoDB: Using SSE2 crc32 instructions
2019-09-16 20:05:12 0 [Note] InnoDB: Initializing buffer pool, total size = 16M, instances = 1, chunk size = 16M
2019-09-16 20:05:12 0 [Note] InnoDB: Completed initialization of buffer pool
2019-09-16 20:05:12 0 [Note] InnoDB: Starting crash recovery from checkpoint LSN=294624
2019-09-16 20:05:12 0 [Note] InnoDB: 128 out of 128 rollback segments are active.
2019-09-16 20:05:12 0 [Note] InnoDB: Removed temporary tablespace data file: "ibtmp1"
2019-09-16 20:05:12 0 [Note] InnoDB: Creating shared tablespace for temporary tables
2019-09-16 20:05:12 0 [Note] InnoDB: Setting file 'D:\Pino\ProgIII\Xampp\mysql\data\ibtmp1' size to 12 MB. Physically writing the file full; Please wait ...
2019-09-16 20:05:12 0 [Note] InnoDB: File 'D:\Pino\ProgIII\Xampp\mysql\data\ibtmp1' size is now 12 MB.
2019-09-16 20:05:12 0 [Note] InnoDB: 10.4.6 started; log sequence number 294633; transaction id 138
2019-09-16 20:05:12 0 [Note] InnoDB: Loading buffer pool(s) from D:\Pino\ProgIII\Xampp\mysql\data\ib_buffer_pool
2019-09-16 20:05:12 0 [Note] Plugin 'FEEDBACK' is disabled.
2019-09-16 20:05:12 0 [Note] Server socket created on IP: '::'.
2019-09-16 20:05:12 0 [Note] Reading of all Master_info entries succeeded
2019-09-16 20:05:12 0 [Note] Added new Master_info '' to hash table
2019-09-16 20:05:12 0 [Note] d:\pino\progiii\xampp\mysql\bin\mysqld.exe: ready for connections.
Version: '10.4.6-MariaDB'  socket: ''  port: 3306  mariadb.org binary distribution
2019-09-16 20:05:12 0 [Note] InnoDB: Buffer pool(s) load completed at 190916 20:05:12
InnoDB: using atomic writes.
2019-09-16 20:05:29 0 [Note] InnoDB: Mutexes and rw_locks use Windows interlocked functions
2019-09-16 20:05:29 0 [Note] InnoDB: Uses event mutexes
2019-09-16 20:05:29 0 [Note] InnoDB: Compressed tables use zlib 1.2.11
2019-09-16 20:05:29 0 [Note] InnoDB: Number of pools: 1
2019-09-16 20:05:29 0 [Note] InnoDB: Using SSE2 crc32 instructions
2019-09-16 20:05:29 0 [Note] InnoDB: Initializing buffer pool, total size = 16M, instances = 1, chunk size = 16M
2019-09-16 20:05:29 0 [Note] InnoDB: Completed initialization of buffer pool
2019-09-16 20:05:29 0 [Note] InnoDB: Starting crash recovery from checkpoint LSN=294642
2019-09-16 20:05:30 0 [Note] InnoDB: 128 out of 128 rollback segments are active.
2019-09-16 20:05:30 0 [Note] InnoDB: Removed temporary tablespace data file: "ibtmp1"
2019-09-16 20:05:30 0 [Note] InnoDB: Creating shared tablespace for temporary tables
2019-09-16 20:05:30 0 [Note] InnoDB: Setting file 'D:\Pino\ProgIII\Xampp\mysql\data\ibtmp1' size to 12 MB. Physically writing the file full; Please wait ...
2019-09-16 20:05:30 0 [Note] InnoDB: File 'D:\Pino\ProgIII\Xampp\mysql\data\ibtmp1' size is now 12 MB.
2019-09-16 20:05:30 0 [Note] InnoDB: 10.4.6 started; log sequence number 294651; transaction id 138
2019-09-16 20:05:30 0 [Note] InnoDB: Loading buffer pool(s) from D:\Pino\ProgIII\Xampp\mysql\data\ib_buffer_pool
2019-09-16 20:05:30 0 [Note] Plugin 'FEEDBACK' is disabled.
2019-09-16 20:05:30 0 [Note] Server socket created on IP: '::'.
2019-09-16 20:05:30 0 [Note] Reading of all Master_info entries succeeded
2019-09-16 20:05:30 0 [Note] Added new Master_info '' to hash table
2019-09-16 20:05:30 0 [Note] d:\pino\progiii\xampp\mysql\bin\mysqld.exe: ready for connections.
Version: '10.4.6-MariaDB'  socket: ''  port: 3306  mariadb.org binary distribution
2019-09-16 20:05:30 0 [Note] InnoDB: Buffer pool(s) load completed at 190916 20:05:30
InnoDB: using atomic writes.
2019-09-16 20:22:43 0 [Note] InnoDB: Mutexes and rw_locks use Windows interlocked functions
2019-09-16 20:22:43 0 [Note] InnoDB: Uses event mutexes
2019-09-16 20:22:43 0 [Note] InnoDB: Compressed tables use zlib 1.2.11
2019-09-16 20:22:43 0 [Note] InnoDB: Number of pools: 1
2019-09-16 20:22:43 0 [Note] InnoDB: Using SSE2 crc32 instructions
2019-09-16 20:22:43 0 [Note] InnoDB: Initializing buffer pool, total size = 16M, instances = 1, chunk size = 16M
2019-09-16 20:22:43 0 [Note] InnoDB: Completed initialization of buffer pool
2019-09-16 20:22:44 0 [Note] InnoDB: Starting crash recovery from checkpoint LSN=294660
2019-09-16 20:22:44 0 [Note] InnoDB: 128 out of 128 rollback segments are active.
2019-09-16 20:22:44 0 [Note] InnoDB: Removed temporary tablespace data file: "ibtmp1"
2019-09-16 20:22:44 0 [Note] InnoDB: Creating shared tablespace for temporary tables
2019-09-16 20:22:44 0 [Note] InnoDB: Setting file 'D:\Pino\ProgIII\Xampp\mysql\data\ibtmp1' size to 12 MB. Physically writing the file full; Please wait ...
2019-09-16 20:22:44 0 [Note] InnoDB: File 'D:\Pino\ProgIII\Xampp\mysql\data\ibtmp1' size is now 12 MB.
2019-09-16 20:22:44 0 [Note] InnoDB: 10.4.6 started; log sequence number 294669; transaction id 138
2019-09-16 20:22:44 0 [Note] InnoDB: Loading buffer pool(s) from D:\Pino\ProgIII\Xampp\mysql\data\ib_buffer_pool
2019-09-16 20:22:44 0 [Note] Plugin 'FEEDBACK' is disabled.
2019-09-16 20:22:44 0 [Note] Server socket created on IP: '::'.
2019-09-16 20:22:44 0 [Note] Reading of all Master_info entries succeeded
2019-09-16 20:22:44 0 [Note] Added new Master_info '' to hash table
2019-09-16 20:22:44 0 [Note] d:\pino\progiii\xampp\mysql\bin\mysqld.exe: ready for connections.
Version: '10.4.6-MariaDB'  socket: ''  port: 3306  mariadb.org binary distribution
2019-09-16 20:22:44 0 [Note] InnoDB: Buffer pool(s) load completed at 190916 20:22:44
