[2019-06-13 14:22:41] UTN FRA LOGGER.INFO: ::1 [] {"uid":"ecfba35"}
[2019-06-13 14:23:14] UTN FRA LOGGER.INFO: ip :::1 [] {"uid":"f1af206"}
[2019-06-13 14:31:21] UTN FRA LOGGER.INFO: info  =Mozilla/5.0 (X11; Linux x86_64) AppleWebKit/537.36 (KHTML, like Gecko) Chrome/73.0.3683.86 Safari/537.36 [] {"uid":"2676799"}
[2019-06-13 14:31:21] UTN FRA LOGGER.INFO: ip =::1 [] {"uid":"2676799"}
[2019-06-13 14:33:01] UTN FRA LOGGER.INFO: info  =PostmanRuntime/7.1.1 [] {"uid":"1c0e970"}
[2019-06-13 14:33:01] UTN FRA LOGGER.INFO: ip =::1 [] {"uid":"1c0e970"}
[2019-06-13 14:33:04] UTN FRA LOGGER.INFO: info  =PostmanRuntime/7.1.1 [] {"uid":"e0a490b"}
[2019-06-13 14:33:04] UTN FRA LOGGER.INFO: ip =::1 [] {"uid":"e0a490b"}
[2019-06-13 14:33:08] UTN FRA LOGGER.INFO: info  =PostmanRuntime/7.1.1 [] {"uid":"5792b8b"}
[2019-06-13 14:33:08] UTN FRA LOGGER.INFO: ip =::1 [] {"uid":"5792b8b"}
[2019-06-13 14:33:14] UTN FRA LOGGER.INFO: info  =PostmanRuntime/7.1.1 [] {"uid":"c3f3041"}
[2019-06-13 14:33:14] UTN FRA LOGGER.INFO: ip =::1 [] {"uid":"c3f3041"}
[2019-06-13 14:41:27] UTN FRA LOGGER.INFO: info  =Mozilla/5.0 (X11; Linux x86_64; rv:60.0) Gecko/20100101 Firefox/60.0 [] {"uid":"d971c69"}
[2019-06-13 14:41:27] UTN FRA LOGGER.INFO: ip =127.0.0.1 [] {"uid":"d971c69"}
[2019-06-13 14:46:20] UTN FRA LOGGER.INFO: info  =Mozilla/5.0 (X11; Linux x86_64; rv:60.0) Gecko/20100101 Firefox/60.0 [] {"uid":"01737b9"}
[2019-06-13 14:46:20] UTN FRA LOGGER.INFO: ip =127.0.0.1 [] {"uid":"01737b9"}
[2019-06-13 14:48:37] UTN FRA LOGGER.INFO: info  =Mozilla/5.0 (X11; Linux x86_64) AppleWebKit/537.36 (KHTML, like Gecko) Chrome/50.0.2661.76 YaBrowser/16.6.0.6383 (beta) Safari/537.36 [] {"uid":"5d9f7e5"}
[2019-06-13 14:48:37] UTN FRA LOGGER.INFO: ip =::1 [] {"uid":"5d9f7e5"}
[2019-06-13 14:48:52] UTN FRA LOGGER.INFO: info  =Mozilla/5.0 (X11; Linux x86_64) AppleWebKit/537.36 (KHTML, like Gecko) Chrome/50.0.2661.76 YaBrowser/16.6.0.6383 (beta) Safari/537.36 [] {"uid":"f6cdba9"}
[2019-06-13 14:48:52] UTN FRA LOGGER.INFO: ip =::1 [] {"uid":"f6cdba9"}
[2019-06-13 14:48:59] UTN FRA LOGGER.INFO: info  =Mozilla/5.0 (X11; Linux x86_64) AppleWebKit/537.36 (KHTML, like Gecko) Chrome/50.0.2661.76 YaBrowser/16.6.0.6383 (beta) Safari/537.36 [] {"uid":"7fb9fe5"}
[2019-06-13 14:48:59] UTN FRA LOGGER.INFO: ip =::1 [] {"uid":"7fb9fe5"}
[2019-06-13 14:50:12] UTN FRA LOGGER.INFO: info  =Mozilla/5.0 (X11; Linux x86_64) AppleWebKit/537.36 (KHTML, like Gecko) Chrome/71.0.3578.98 Safari/537.36 OPR/58.0.3135.107 [] {"uid":"05adba9"}
[2019-06-13 14:50:13] UTN FRA LOGGER.INFO: ip =::1 [] {"uid":"05adba9"}
[2019-06-13 14:51:49] UTN FRA LOGGER.INFO: info  =Mozilla/5.0 (X11; Linux x86_64) AppleWebKit/537.36 (KHTML, like Gecko) Chrome/73.0.3683.86 Safari/537.36 [] {"uid":"4869fa1"}
[2019-06-13 14:51:49] UTN FRA LOGGER.INFO: ip =::1 [] {"uid":"4869fa1"}
[2019-06-13 14:52:04] UTN FRA LOGGER.INFO: info  =PostmanRuntime/7.1.1 [] {"uid":"955f892"}
[2019-06-13 14:52:04] UTN FRA LOGGER.INFO: ip =::1 [] {"uid":"955f892"}
[2019-06-13 14:52:24] UTN FRA LOGGER.INFO: Datos  =PostmanRuntime/7.1.1 [] {"uid":"3d3557f"}
[2019-06-13 14:52:24] UTN FRA LOGGER.INFO: ip =::1 [] {"uid":"3d3557f"}
[2019-06-13 14:52:34] UTN FRA LOGGER.INFO: Datos  =Mozilla/5.0 (X11; Linux x86_64) AppleWebKit/537.36 (KHTML, like Gecko) Chrome/71.0.3578.98 Safari/537.36 OPR/58.0.3135.107 [] {"uid":"521a87e"}
[2019-06-13 14:52:34] UTN FRA LOGGER.INFO: ip =::1 [] {"uid":"521a87e"}
[2019-06-13 14:54:41] UTN FRA LOGGER.INFO: Datos  =Mozilla/5.0 (X11; Linux x86_64) AppleWebKit/537.36 (KHTML, like Gecko) Chrome/73.0.3683.86 Safari/537.36 [] {"uid":"15b9fd3"}
[2019-06-13 14:54:41] UTN FRA LOGGER.INFO: ip =::1 [] {"uid":"15b9fd3"}
[2019-06-13 15:40:36] UTN FRA LOGGER.INFO: Datos  =Mozilla/5.0 (X11; Linux x86_64) AppleWebKit/537.36 (KHTML, like Gecko) Chrome/73.0.3683.86 Safari/537.36 [] {"uid":"bbb9226"}
[2019-06-13 15:40:36] UTN FRA LOGGER.INFO: ip =::1 [] {"uid":"bbb9226"}
[2019-06-13 15:40:42] UTN FRA LOGGER.INFO: Datos  =Mozilla/5.0 (X11; Linux x86_64) AppleWebKit/537.36 (KHTML, like Gecko) Chrome/73.0.3683.86 Safari/537.36 [] {"uid":"d5105f7"}
[2019-06-13 15:40:42] UTN FRA LOGGER.INFO: ip =::1 [] {"uid":"d5105f7"}
[2019-06-13 15:41:29] UTN FRA LOGGER.INFO: Datos  =Mozilla/5.0 (X11; Linux x86_64) AppleWebKit/537.36 (KHTML, like Gecko) Chrome/73.0.3683.86 Safari/537.36 [] {"uid":"e12c6d8"}
[2019-06-13 15:41:29] UTN FRA LOGGER.INFO: ip =::1 [] {"uid":"e12c6d8"}
[2019-06-13 15:42:30] UTN FRA LOGGER.INFO: Datos  =Mozilla/5.0 (X11; Linux x86_64) AppleWebKit/537.36 (KHTML, like Gecko) Chrome/73.0.3683.86 Safari/537.36 [] {"uid":"36ef6fa"}
[2019-06-13 15:42:30] UTN FRA LOGGER.INFO: ip =::1 [] {"uid":"36ef6fa"}
[2019-06-13 15:45:52] UTN FRA LOGGER.INFO: Datos  =Mozilla/5.0 (X11; Linux x86_64) AppleWebKit/537.36 (KHTML, like Gecko) Chrome/73.0.3683.86 Safari/537.36 [] {"uid":"452e00c"}
[2019-06-13 15:45:52] UTN FRA LOGGER.INFO: ip =::1 [] {"uid":"452e00c"}
[2019-06-13 15:46:48] UTN FRA LOGGER.INFO: Datos  =Mozilla/5.0 (X11; Linux x86_64) AppleWebKit/537.36 (KHTML, like Gecko) Chrome/73.0.3683.86 Safari/537.36 [] {"uid":"accaf17"}
[2019-06-13 15:46:48] UTN FRA LOGGER.INFO: ip =::1 [] {"uid":"accaf17"}
[2019-06-13 15:46:49] UTN FRA LOGGER.INFO: Datos  =Mozilla/5.0 (X11; Linux x86_64) AppleWebKit/537.36 (KHTML, like Gecko) Chrome/73.0.3683.86 Safari/537.36 [] {"uid":"2977b9f"}
[2019-06-13 15:46:49] UTN FRA LOGGER.INFO: ip =::1 [] {"uid":"2977b9f"}
[2019-06-13 15:46:50] UTN FRA LOGGER.INFO: Datos  =Mozilla/5.0 (X11; Linux x86_64) AppleWebKit/537.36 (KHTML, like Gecko) Chrome/73.0.3683.86 Safari/537.36 [] {"uid":"5b1fbcd"}
[2019-06-13 15:46:50] UTN FRA LOGGER.INFO: ip =::1 [] {"uid":"5b1fbcd"}
[2019-06-13 15:47:05] UTN FRA LOGGER.INFO: Datos  =Mozilla/5.0 (X11; Linux x86_64) AppleWebKit/537.36 (KHTML, like Gecko) Chrome/73.0.3683.86 Safari/537.36 [] {"uid":"618e906"}
[2019-06-13 15:47:05] UTN FRA LOGGER.INFO: ip =::1 [] {"uid":"618e906"}
[2019-06-13 15:47:10] UTN FRA LOGGER.INFO: Datos  =Mozilla/5.0 (X11; Linux x86_64) AppleWebKit/537.36 (KHTML, like Gecko) Chrome/73.0.3683.86 Safari/537.36 [] {"uid":"e6f850c"}
[2019-06-13 15:47:10] UTN FRA LOGGER.INFO: ip =::1 [] {"uid":"e6f850c"}
[2019-06-13 15:47:16] UTN FRA LOGGER.INFO: Datos  =Mozilla/5.0 (X11; Linux x86_64) AppleWebKit/537.36 (KHTML, like Gecko) Chrome/73.0.3683.86 Safari/537.36 [] {"uid":"6080469"}
[2019-06-13 15:47:16] UTN FRA LOGGER.INFO: ip =::1 [] {"uid":"6080469"}
[2019-06-13 15:47:52] UTN FRA LOGGER.INFO: Datos  =Mozilla/5.0 (X11; Linux x86_64) AppleWebKit/537.36 (KHTML, like Gecko) Chrome/73.0.3683.86 Safari/537.36 [] {"uid":"be829a8"}
[2019-06-13 15:47:52] UTN FRA LOGGER.INFO: ip =::1 [] {"uid":"be829a8"}
[2019-06-13 15:47:55] UTN FRA LOGGER.INFO: Datos  =Mozilla/5.0 (X11; Linux x86_64) AppleWebKit/537.36 (KHTML, like Gecko) Chrome/73.0.3683.86 Safari/537.36 [] {"uid":"8f497ca"}
[2019-06-13 15:47:55] UTN FRA LOGGER.INFO: ip =::1 [] {"uid":"8f497ca"}
[2019-06-13 15:48:12] UTN FRA LOGGER.INFO: Datos  =Mozilla/5.0 (X11; Linux x86_64) AppleWebKit/537.36 (KHTML, like Gecko) Chrome/73.0.3683.86 Safari/537.36 [] {"uid":"9e48c5a"}
[2019-06-13 15:48:12] UTN FRA LOGGER.INFO: ip =::1 [] {"uid":"9e48c5a"}
[2019-06-13 15:48:15] UTN FRA LOGGER.INFO: Datos  =Mozilla/5.0 (X11; Linux x86_64) AppleWebKit/537.36 (KHTML, like Gecko) Chrome/73.0.3683.86 Safari/537.36 [] {"uid":"b916695"}
[2019-06-13 15:48:15] UTN FRA LOGGER.INFO: ip =::1 [] {"uid":"b916695"}
[2019-06-13 15:50:55] UTN FRA LOGGER.INFO: Datos  =Mozilla/5.0 (X11; Linux x86_64) AppleWebKit/537.36 (KHTML, like Gecko) Chrome/73.0.3683.86 Safari/537.36 [] {"uid":"1dd5fc6"}
[2019-06-13 15:50:55] UTN FRA LOGGER.INFO: ip =::1 [] {"uid":"1dd5fc6"}
[2019-06-13 15:51:28] UTN FRA LOGGER.INFO: Datos  =Mozilla/5.0 (X11; Linux x86_64) AppleWebKit/537.36 (KHTML, like Gecko) Chrome/73.0.3683.86 Safari/537.36 [] {"uid":"458c08c"}
[2019-06-13 15:51:28] UTN FRA LOGGER.INFO: ip =::1 [] {"uid":"458c08c"}
[2019-06-13 15:51:33] UTN FRA LOGGER.INFO: Datos  =Mozilla/5.0 (X11; Linux x86_64) AppleWebKit/537.36 (KHTML, like Gecko) Chrome/73.0.3683.86 Safari/537.36 [] {"uid":"c57b200"}
[2019-06-13 15:51:33] UTN FRA LOGGER.INFO: ip =::1 [] {"uid":"c57b200"}
[2019-06-13 15:53:23] UTN FRA LOGGER.INFO: Datos  =Mozilla/5.0 (X11; Linux x86_64) AppleWebKit/537.36 (KHTML, like Gecko) Chrome/73.0.3683.86 Safari/537.36 [] {"uid":"903207f"}
[2019-06-13 15:53:23] UTN FRA LOGGER.INFO: ip =::1 [] {"uid":"903207f"}
[2019-06-13 15:53:26] UTN FRA LOGGER.INFO: Datos  =Mozilla/5.0 (X11; Linux x86_64) AppleWebKit/537.36 (KHTML, like Gecko) Chrome/73.0.3683.86 Safari/537.36 [] {"uid":"3a71660"}
[2019-06-13 15:53:26] UTN FRA LOGGER.INFO: ip =::1 [] {"uid":"3a71660"}
[2019-06-13 15:54:00] UTN FRA LOGGER.INFO: Datos  =Mozilla/5.0 (X11; Linux x86_64) AppleWebKit/537.36 (KHTML, like Gecko) Chrome/73.0.3683.86 Safari/537.36 [] {"uid":"b363313"}
[2019-06-13 15:54:00] UTN FRA LOGGER.INFO: ip =::1 [] {"uid":"b363313"}
[2019-06-13 15:54:01] UTN FRA LOGGER.INFO: Datos  =Mozilla/5.0 (X11; Linux x86_64) AppleWebKit/537.36 (KHTML, like Gecko) Chrome/73.0.3683.86 Safari/537.36 [] {"uid":"a1ab03e"}
[2019-06-13 15:54:01] UTN FRA LOGGER.INFO: ip =::1 [] {"uid":"a1ab03e"}
[2019-06-13 15:54:01] UTN FRA LOGGER.INFO: Datos  =Mozilla/5.0 (X11; Linux x86_64) AppleWebKit/537.36 (KHTML, like Gecko) Chrome/73.0.3683.86 Safari/537.36 [] {"uid":"74bb1fc"}
[2019-06-13 15:54:01] UTN FRA LOGGER.INFO: ip =::1 [] {"uid":"74bb1fc"}
[2019-06-13 15:54:01] UTN FRA LOGGER.INFO: Datos  =Mozilla/5.0 (X11; Linux x86_64) AppleWebKit/537.36 (KHTML, like Gecko) Chrome/73.0.3683.86 Safari/537.36 [] {"uid":"e07b9d7"}
[2019-06-13 15:54:01] UTN FRA LOGGER.INFO: ip =::1 [] {"uid":"e07b9d7"}
[2019-06-13 15:54:01] UTN FRA LOGGER.INFO: Datos  =Mozilla/5.0 (X11; Linux x86_64) AppleWebKit/537.36 (KHTML, like Gecko) Chrome/73.0.3683.86 Safari/537.36 [] {"uid":"b3e7a0b"}
[2019-06-13 15:54:01] UTN FRA LOGGER.INFO: ip =::1 [] {"uid":"b3e7a0b"}
[2019-06-13 15:54:02] UTN FRA LOGGER.INFO: Datos  =Mozilla/5.0 (X11; Linux x86_64) AppleWebKit/537.36 (KHTML, like Gecko) Chrome/73.0.3683.86 Safari/537.36 [] {"uid":"e6fa77e"}
[2019-06-13 15:54:02] UTN FRA LOGGER.INFO: ip =::1 [] {"uid":"e6fa77e"}
[2019-06-13 15:54:02] UTN FRA LOGGER.INFO: Datos  =Mozilla/5.0 (X11; Linux x86_64) AppleWebKit/537.36 (KHTML, like Gecko) Chrome/73.0.3683.86 Safari/537.36 [] {"uid":"262fbd8"}
[2019-06-13 15:54:02] UTN FRA LOGGER.INFO: ip =::1 [] {"uid":"262fbd8"}
[2019-06-13 15:54:29] UTN FRA LOGGER.INFO: Datos  =Mozilla/5.0 (X11; Linux x86_64) AppleWebKit/537.36 (KHTML, like Gecko) Chrome/73.0.3683.86 Safari/537.36 [] {"uid":"69026c5"}
[2019-06-13 15:54:29] UTN FRA LOGGER.INFO: ip =::1 [] {"uid":"69026c5"}
[2019-06-13 15:54:53] UTN FRA LOGGER.INFO: Datos  =Mozilla/5.0 (X11; Linux x86_64) AppleWebKit/537.36 (KHTML, like Gecko) Chrome/73.0.3683.86 Safari/537.36 [] {"uid":"7f80bac"}
[2019-06-13 15:54:53] UTN FRA LOGGER.INFO: ip =::1 [] {"uid":"7f80bac"}
[2019-06-13 16:14:20] UTN FRA LOGGER.INFO: Datos  =PostmanRuntime/7.1.1 [] {"uid":"f37f107"}
[2019-06-13 16:14:20] UTN FRA LOGGER.INFO: ip =::1 [] {"uid":"f37f107"}
[2019-06-13 16:14:25] UTN FRA LOGGER.INFO: Datos  =PostmanRuntime/7.1.1 [] {"uid":"f86c548"}
[2019-06-13 16:14:25] UTN FRA LOGGER.INFO: ip =::1 [] {"uid":"f86c548"}
[2019-06-13 16:16:52] UTN FRA LOGGER.INFO: Datos  =PostmanRuntime/7.1.1 [] {"uid":"cfce916"}
[2019-06-13 16:16:52] UTN FRA LOGGER.INFO: ip =::1 [] {"uid":"cfce916"}
[2019-06-13 16:16:56] UTN FRA LOGGER.INFO: Datos  =PostmanRuntime/7.1.1 [] {"uid":"24b074c"}
[2019-06-13 16:16:56] UTN FRA LOGGER.INFO: ip =::1 [] {"uid":"24b074c"}
[2019-06-13 16:17:07] UTN FRA LOGGER.INFO: Datos  =PostmanRuntime/7.1.1 [] {"uid":"fecc8fc"}
[2019-06-13 16:17:07] UTN FRA LOGGER.INFO: ip =::1 [] {"uid":"fecc8fc"}
[2019-06-13 16:19:09] UTN FRA LOGGER.INFO: Datos  =Mozilla/5.0 (X11; Linux x86_64) AppleWebKit/537.36 (KHTML, like Gecko) Chrome/73.0.3683.86 Safari/537.36 [] {"uid":"e2193d4"}
[2019-06-13 16:19:09] UTN FRA LOGGER.INFO: ip =::1 [] {"uid":"e2193d4"}
[2019-06-13 16:19:58] UTN FRA LOGGER.INFO: Datos  =Mozilla/5.0 (X11; Linux x86_64) AppleWebKit/537.36 (KHTML, like Gecko) Chrome/73.0.3683.86 Safari/537.36 [] {"uid":"d83d781"}
[2019-06-13 16:19:58] UTN FRA LOGGER.INFO: ip =::1 [] {"uid":"d83d781"}
[2019-06-13 16:20:00] UTN FRA LOGGER.INFO: Datos  =Mozilla/5.0 (X11; Linux x86_64) AppleWebKit/537.36 (KHTML, like Gecko) Chrome/73.0.3683.86 Safari/537.36 [] {"uid":"89e32cc"}
[2019-06-13 16:20:00] UTN FRA LOGGER.INFO: ip =::1 [] {"uid":"89e32cc"}
[2019-06-13 16:20:32] UTN FRA LOGGER.INFO: Datos  =Mozilla/5.0 (X11; Linux x86_64) AppleWebKit/537.36 (KHTML, like Gecko) Chrome/73.0.3683.86 Safari/537.36 [] {"uid":"434586f"}
[2019-06-13 16:20:32] UTN FRA LOGGER.INFO: ip =::1 [] {"uid":"434586f"}
[2019-06-13 16:20:40] UTN FRA LOGGER.INFO: Datos  =PostmanRuntime/7.1.1 [] {"uid":"87cac8e"}
[2019-06-13 16:20:40] UTN FRA LOGGER.INFO: ip =::1 [] {"uid":"87cac8e"}
[2019-11-13 00:59:28] UTN FRA LOGGER.INFO: Datos  =PostmanRuntime/7.18.0 [] {"uid":"47732f8"}
[2019-11-13 00:59:28] UTN FRA LOGGER.INFO: ip =::1 [] {"uid":"47732f8"}
[2019-11-18 03:35:57] UTN FRA LOGGER.INFO: Datos  =PostmanRuntime/7.19.0 [] {"uid":"3b6b233"}
[2019-11-18 03:35:57] UTN FRA LOGGER.INFO: ip =::1 [] {"uid":"3b6b233"}
[2019-11-18 03:35:59] UTN FRA LOGGER.INFO: Datos  =PostmanRuntime/7.19.0 [] {"uid":"428333a"}
[2019-11-18 03:35:59] UTN FRA LOGGER.INFO: ip =::1 [] {"uid":"428333a"}
[2019-11-18 03:43:17] UTN FRA LOGGER.INFO: Datos  =PostmanRuntime/7.19.0 [] {"uid":"2e94d5a"}
[2019-11-18 03:43:17] UTN FRA LOGGER.INFO: ip =::1 [] {"uid":"2e94d5a"}
[2019-11-25 01:28:35] UTN FRA LOGGER.INFO: Datos  =Mozilla/5.0 (Windows NT 10.0; Win64; x64) AppleWebKit/537.36 (KHTML, like Gecko) Chrome/78.0.3904.108 Safari/537.36 [] {"uid":"9a2eb3b"}
[2019-11-25 01:28:35] UTN FRA LOGGER.INFO: ip =::1 [] {"uid":"9a2eb3b"}
[2019-11-25 01:30:22] UTN FRA LOGGER.INFO: Datos  =PostmanRuntime/7.18.0 [] {"uid":"b62a82d"}
[2019-11-25 01:30:22] UTN FRA LOGGER.INFO: ip =::1 [] {"uid":"b62a82d"}
[2019-11-25 01:30:27] UTN FRA LOGGER.INFO: Datos  =PostmanRuntime/7.18.0 [] {"uid":"7453718"}
[2019-11-25 01:30:27] UTN FRA LOGGER.INFO: ip =::1 [] {"uid":"7453718"}
[2019-11-25 01:32:18] UTN FRA LOGGER.INFO: Datos  =PostmanRuntime/7.18.0 [] {"uid":"fc09c48"}
[2019-11-25 01:32:18] UTN FRA LOGGER.INFO: ip =::1 [] {"uid":"fc09c48"}
[2019-11-25 01:32:23] UTN FRA LOGGER.INFO: Datos  =PostmanRuntime/7.18.0 [] {"uid":"a0efb5a"}
[2019-11-25 01:32:23] UTN FRA LOGGER.INFO: ip =::1 [] {"uid":"a0efb5a"}
[2019-11-25 01:33:02] UTN FRA LOGGER.INFO: Datos  =Mozilla/5.0 (Windows NT 10.0; Win64; x64) AppleWebKit/537.36 (KHTML, like Gecko) Chrome/78.0.3904.108 Safari/537.36 [] {"uid":"cda9a8d"}
[2019-11-25 01:33:02] UTN FRA LOGGER.INFO: ip =::1 [] {"uid":"cda9a8d"}
[2019-11-25 01:33:59] UTN FRA LOGGER.INFO: Datos  =PostmanRuntime/7.18.0 [] {"uid":"1c1f04b"}
[2019-11-25 01:33:59] UTN FRA LOGGER.INFO: ip =::1 [] {"uid":"1c1f04b"}
[2019-11-25 01:36:49] UTN FRA LOGGER.INFO: Datos  =Mozilla/5.0 (Windows NT 10.0; Win64; x64) AppleWebKit/537.36 (KHTML, like Gecko) Chrome/78.0.3904.108 Safari/537.36 [] {"uid":"243abce"}
[2019-11-25 01:36:49] UTN FRA LOGGER.INFO: ip =::1 [] {"uid":"243abce"}
[2019-11-25 01:37:09] UTN FRA LOGGER.INFO: Datos  =Mozilla/5.0 (Windows NT 10.0; Win64; x64) AppleWebKit/537.36 (KHTML, like Gecko) Chrome/78.0.3904.108 Safari/537.36 [] {"uid":"aeb103e"}
[2019-11-25 01:37:09] UTN FRA LOGGER.INFO: ip =::1 [] {"uid":"aeb103e"}
[2019-11-25 01:37:30] UTN FRA LOGGER.INFO: Datos  =PostmanRuntime/7.18.0 [] {"uid":"80c8f87"}
[2019-11-25 01:37:30] UTN FRA LOGGER.INFO: ip =::1 [] {"uid":"80c8f87"}
[2019-11-25 01:37:31] UTN FRA LOGGER.INFO: Datos  =PostmanRuntime/7.18.0 [] {"uid":"2d5f34c"}
[2019-11-25 01:37:31] UTN FRA LOGGER.INFO: ip =::1 [] {"uid":"2d5f34c"}
[2019-11-25 01:40:30] UTN FRA LOGGER.INFO: Datos  =PostmanRuntime/7.18.0 [] {"uid":"6992456"}
[2019-11-25 01:40:30] UTN FRA LOGGER.INFO: ip =::1 [] {"uid":"6992456"}
[2019-11-25 01:42:41] UTN FRA LOGGER.INFO: Datos  =PostmanRuntime/7.18.0 [] {"uid":"1ee282d"}
[2019-11-25 01:42:41] UTN FRA LOGGER.INFO: ip =::1 [] {"uid":"1ee282d"}
[2019-11-25 01:49:45] UTN FRA LOGGER.INFO: Datos  =PostmanRuntime/7.18.0 [] {"uid":"1b6350c"}
[2019-11-25 01:49:45] UTN FRA LOGGER.INFO: ip =::1 [] {"uid":"1b6350c"}
[2019-11-25 01:49:53] UTN FRA LOGGER.INFO: Datos  =PostmanRuntime/7.18.0 [] {"uid":"4f8d6ea"}
[2019-11-25 01:49:53] UTN FRA LOGGER.INFO: ip =::1 [] {"uid":"4f8d6ea"}
[2019-11-25 01:51:24] UTN FRA LOGGER.INFO: Datos  =PostmanRuntime/7.18.0 [] {"uid":"4aea250"}
[2019-11-25 01:51:24] UTN FRA LOGGER.INFO: ip =::1 [] {"uid":"4aea250"}
[2019-11-25 01:51:34] UTN FRA LOGGER.INFO: Datos  =PostmanRuntime/7.18.0 [] {"uid":"0f9029b"}
[2019-11-25 01:51:34] UTN FRA LOGGER.INFO: ip =::1 [] {"uid":"0f9029b"}
[2019-11-25 01:52:26] UTN FRA LOGGER.INFO: Datos  =PostmanRuntime/7.18.0 [] {"uid":"6e8ffa5"}
[2019-11-25 01:52:26] UTN FRA LOGGER.INFO: ip =::1 [] {"uid":"6e8ffa5"}
[2019-11-25 01:52:37] UTN FRA LOGGER.INFO: Datos  =PostmanRuntime/7.18.0 [] {"uid":"d6dddbe"}
[2019-11-25 01:52:37] UTN FRA LOGGER.INFO: ip =::1 [] {"uid":"d6dddbe"}
[2019-11-25 01:52:41] UTN FRA LOGGER.INFO: Datos  =PostmanRuntime/7.18.0 [] {"uid":"e0bdc95"}
[2019-11-25 01:52:41] UTN FRA LOGGER.INFO: ip =::1 [] {"uid":"e0bdc95"}
[2019-11-25 01:57:10] UTN FRA LOGGER.INFO: Datos  =PostmanRuntime/7.18.0 [] {"uid":"9f4c17a"}
[2019-11-25 01:57:10] UTN FRA LOGGER.INFO: ip =::1 [] {"uid":"9f4c17a"}
[2019-11-25 01:57:42] UTN FRA LOGGER.INFO: Datos  =PostmanRuntime/7.18.0 [] {"uid":"433c7b5"}
[2019-11-25 01:57:42] UTN FRA LOGGER.INFO: ip =::1 [] {"uid":"433c7b5"}
[2019-11-25 01:58:53] UTN FRA LOGGER.INFO: Datos  =PostmanRuntime/7.18.0 [] {"uid":"61293bb"}
[2019-11-25 01:58:53] UTN FRA LOGGER.INFO: ip =::1 [] {"uid":"61293bb"}
[2019-11-25 01:59:56] UTN FRA LOGGER.INFO: Datos  =PostmanRuntime/7.18.0 [] {"uid":"5766772"}
[2019-11-25 01:59:56] UTN FRA LOGGER.INFO: ip =::1 [] {"uid":"5766772"}
[2019-11-25 02:00:13] UTN FRA LOGGER.INFO: Datos  =PostmanRuntime/7.18.0 [] {"uid":"2ff48c0"}
[2019-11-25 02:00:13] UTN FRA LOGGER.INFO: ip =::1 [] {"uid":"2ff48c0"}
[2019-11-25 02:06:00] UTN FRA LOGGER.INFO: Datos  =PostmanRuntime/7.18.0 [] {"uid":"41d98ce"}
[2019-11-25 02:06:00] UTN FRA LOGGER.INFO: ip =::1 [] {"uid":"41d98ce"}
[2019-11-25 02:23:46] UTN FRA LOGGER.INFO: Datos  =PostmanRuntime/7.18.0 [] {"uid":"15a47ed"}
[2019-11-25 02:23:46] UTN FRA LOGGER.INFO: ip =::1 [] {"uid":"15a47ed"}
[2019-11-25 02:29:04] UTN FRA LOGGER.INFO: Datos  =PostmanRuntime/7.18.0 [] {"uid":"56e22ce"}
[2019-11-25 02:29:04] UTN FRA LOGGER.INFO: ip =::1 [] {"uid":"56e22ce"}
[2019-11-25 13:48:26] UTN FRA LOGGER.INFO: Datos  =Mozilla/5.0 (Windows NT 10.0; Win64; x64) AppleWebKit/537.36 (KHTML, like Gecko) Chrome/78.0.3904.108 Safari/537.36 [] {"uid":"049196e"}
[2019-11-25 13:48:26] UTN FRA LOGGER.INFO: ip =::1 [] {"uid":"049196e"}
[2019-11-25 13:52:36] UTN FRA LOGGER.INFO: Datos  =PostmanRuntime/7.20.1 [] {"uid":"fd50854"}
[2019-11-25 13:52:36] UTN FRA LOGGER.INFO: ip =::1 [] {"uid":"fd50854"}
[2019-11-25 13:54:21] UTN FRA LOGGER.INFO: Datos  =PostmanRuntime/7.20.1 [] {"uid":"f85e0cb"}
[2019-11-25 13:54:21] UTN FRA LOGGER.INFO: ip =::1 [] {"uid":"f85e0cb"}
[2019-11-25 14:19:17] UTN FRA LOGGER.INFO: Datos  =PostmanRuntime/7.20.1 [] {"uid":"742d959"}
[2019-11-25 14:19:17] UTN FRA LOGGER.INFO: ip =::1 [] {"uid":"742d959"}
[2019-11-25 14:19:51] UTN FRA LOGGER.INFO: Datos  =PostmanRuntime/7.20.1 [] {"uid":"40523f8"}
[2019-11-25 14:19:51] UTN FRA LOGGER.INFO: ip =::1 [] {"uid":"40523f8"}
[2019-11-25 14:20:08] UTN FRA LOGGER.INFO: Datos  =PostmanRuntime/7.20.1 [] {"uid":"30be0a5"}
[2019-11-25 14:20:08] UTN FRA LOGGER.INFO: ip =::1 [] {"uid":"30be0a5"}
[2019-11-25 14:43:30] UTN FRA LOGGER.INFO: Datos  =PostmanRuntime/7.20.1 [] {"uid":"1119338"}
[2019-11-25 14:43:30] UTN FRA LOGGER.INFO: ip =::1 [] {"uid":"1119338"}
[2019-11-25 14:45:03] UTN FRA LOGGER.INFO: Datos  =PostmanRuntime/7.20.1 [] {"uid":"da02c86"}
[2019-11-25 14:45:03] UTN FRA LOGGER.INFO: ip =::1 [] {"uid":"da02c86"}
[2019-11-25 14:45:22] UTN FRA LOGGER.INFO: Datos  =PostmanRuntime/7.20.1 [] {"uid":"adbb7fd"}
[2019-11-25 14:45:22] UTN FRA LOGGER.INFO: ip =::1 [] {"uid":"adbb7fd"}
[2019-11-25 15:07:41] UTN FRA LOGGER.INFO: Datos  =PostmanRuntime/7.20.1 [] {"uid":"014f19e"}
[2019-11-25 15:07:41] UTN FRA LOGGER.INFO: ip =::1 [] {"uid":"014f19e"}
[2019-11-25 15:08:57] UTN FRA LOGGER.INFO: Datos  =PostmanRuntime/7.20.1 [] {"uid":"ee2047e"}
[2019-11-25 15:08:57] UTN FRA LOGGER.INFO: ip =::1 [] {"uid":"ee2047e"}
[2019-11-25 15:09:29] UTN FRA LOGGER.INFO: Datos  =PostmanRuntime/7.20.1 [] {"uid":"060395d"}
[2019-11-25 15:09:29] UTN FRA LOGGER.INFO: ip =::1 [] {"uid":"060395d"}
[2019-11-25 15:09:36] UTN FRA LOGGER.INFO: Datos  =PostmanRuntime/7.20.1 [] {"uid":"a645d56"}
[2019-11-25 15:09:36] UTN FRA LOGGER.INFO: ip =::1 [] {"uid":"a645d56"}
[2019-11-25 15:10:44] UTN FRA LOGGER.INFO: Datos  =PostmanRuntime/7.20.1 [] {"uid":"60578f6"}
[2019-11-25 15:10:44] UTN FRA LOGGER.INFO: ip =::1 [] {"uid":"60578f6"}
[2019-11-25 15:11:14] UTN FRA LOGGER.INFO: Datos  =PostmanRuntime/7.20.1 [] {"uid":"d3db85a"}
[2019-11-25 15:11:14] UTN FRA LOGGER.INFO: ip =::1 [] {"uid":"d3db85a"}
[2019-11-25 15:11:32] UTN FRA LOGGER.INFO: Datos  =PostmanRuntime/7.20.1 [] {"uid":"b3098a4"}
[2019-11-25 15:11:32] UTN FRA LOGGER.INFO: ip =::1 [] {"uid":"b3098a4"}
[2019-11-25 15:11:49] UTN FRA LOGGER.INFO: Datos  =PostmanRuntime/7.20.1 [] {"uid":"629cf36"}
[2019-11-25 15:11:49] UTN FRA LOGGER.INFO: ip =::1 [] {"uid":"629cf36"}
[2019-11-25 15:11:56] UTN FRA LOGGER.INFO: Datos  =PostmanRuntime/7.20.1 [] {"uid":"29812d2"}
[2019-11-25 15:11:56] UTN FRA LOGGER.INFO: ip =::1 [] {"uid":"29812d2"}
[2019-11-25 15:12:32] UTN FRA LOGGER.INFO: Datos  =PostmanRuntime/7.20.1 [] {"uid":"58dce1c"}
[2019-11-25 15:12:32] UTN FRA LOGGER.INFO: ip =::1 [] {"uid":"58dce1c"}
[2019-11-25 15:12:43] UTN FRA LOGGER.INFO: Datos  =PostmanRuntime/7.20.1 [] {"uid":"df8d46c"}
[2019-11-25 15:12:43] UTN FRA LOGGER.INFO: ip =::1 [] {"uid":"df8d46c"}
[2019-11-25 15:12:47] UTN FRA LOGGER.INFO: Datos  =PostmanRuntime/7.20.1 [] {"uid":"161d14d"}
[2019-11-25 15:12:47] UTN FRA LOGGER.INFO: ip =::1 [] {"uid":"161d14d"}
[2019-11-25 15:13:01] UTN FRA LOGGER.INFO: Datos  =PostmanRuntime/7.20.1 [] {"uid":"f31f42a"}
[2019-11-25 15:13:01] UTN FRA LOGGER.INFO: ip =::1 [] {"uid":"f31f42a"}
[2019-11-25 15:13:15] UTN FRA LOGGER.INFO: Datos  =PostmanRuntime/7.20.1 [] {"uid":"188938a"}
[2019-11-25 15:13:15] UTN FRA LOGGER.INFO: ip =::1 [] {"uid":"188938a"}
[2019-11-25 15:15:25] UTN FRA LOGGER.INFO: Datos  =PostmanRuntime/7.20.1 [] {"uid":"6180d0a"}
[2019-11-25 15:15:25] UTN FRA LOGGER.INFO: ip =::1 [] {"uid":"6180d0a"}
[2019-11-25 15:16:22] UTN FRA LOGGER.INFO: Datos  =PostmanRuntime/7.20.1 [] {"uid":"f08c654"}
[2019-11-25 15:16:22] UTN FRA LOGGER.INFO: ip =::1 [] {"uid":"f08c654"}
[2019-11-25 15:17:01] UTN FRA LOGGER.INFO: Datos  =PostmanRuntime/7.20.1 [] {"uid":"1630cde"}
[2019-11-25 15:17:01] UTN FRA LOGGER.INFO: ip =::1 [] {"uid":"1630cde"}
[2019-11-25 15:17:52] UTN FRA LOGGER.INFO: Datos  =PostmanRuntime/7.20.1 [] {"uid":"64768e9"}
[2019-11-25 15:17:52] UTN FRA LOGGER.INFO: ip =::1 [] {"uid":"64768e9"}
[2019-11-25 15:18:25] UTN FRA LOGGER.INFO: Datos  =PostmanRuntime/7.20.1 [] {"uid":"aab681c"}
[2019-11-25 15:18:25] UTN FRA LOGGER.INFO: ip =::1 [] {"uid":"aab681c"}
[2019-11-25 15:24:01] UTN FRA LOGGER.INFO: Datos  =PostmanRuntime/7.20.1 [] {"uid":"3a2e064"}
[2019-11-25 15:24:01] UTN FRA LOGGER.INFO: ip =::1 [] {"uid":"3a2e064"}
[2019-11-25 15:27:46] UTN FRA LOGGER.INFO: Datos  =PostmanRuntime/7.20.1 [] {"uid":"de91df5"}
[2019-11-25 15:27:46] UTN FRA LOGGER.INFO: ip =::1 [] {"uid":"de91df5"}
[2019-11-25 15:31:01] UTN FRA LOGGER.INFO: Datos  =PostmanRuntime/7.20.1 [] {"uid":"68ad68f"}
[2019-11-25 15:31:01] UTN FRA LOGGER.INFO: ip =::1 [] {"uid":"68ad68f"}
[2019-11-25 15:31:33] UTN FRA LOGGER.INFO: Datos  =PostmanRuntime/7.20.1 [] {"uid":"4923322"}
[2019-11-25 15:31:33] UTN FRA LOGGER.INFO: ip =::1 [] {"uid":"4923322"}
[2019-11-25 15:32:09] UTN FRA LOGGER.INFO: Datos  =PostmanRuntime/7.20.1 [] {"uid":"7354c0f"}
[2019-11-25 15:32:09] UTN FRA LOGGER.INFO: ip =::1 [] {"uid":"7354c0f"}
[2019-11-25 15:32:34] UTN FRA LOGGER.INFO: Datos  =PostmanRuntime/7.20.1 [] {"uid":"b34ea4a"}
[2019-11-25 15:32:34] UTN FRA LOGGER.INFO: ip =::1 [] {"uid":"b34ea4a"}
[2019-11-25 15:33:06] UTN FRA LOGGER.INFO: Datos  =PostmanRuntime/7.20.1 [] {"uid":"be5c6c9"}
[2019-11-25 15:33:06] UTN FRA LOGGER.INFO: ip =::1 [] {"uid":"be5c6c9"}
[2019-11-25 15:34:03] UTN FRA LOGGER.INFO: Datos  =PostmanRuntime/7.20.1 [] {"uid":"072d91e"}
[2019-11-25 15:34:03] UTN FRA LOGGER.INFO: ip =::1 [] {"uid":"072d91e"}
[2019-11-25 15:34:18] UTN FRA LOGGER.INFO: Datos  =PostmanRuntime/7.20.1 [] {"uid":"a4ef909"}
[2019-11-25 15:34:18] UTN FRA LOGGER.INFO: ip =::1 [] {"uid":"a4ef909"}
[2019-11-25 15:34:36] UTN FRA LOGGER.INFO: Datos  =PostmanRuntime/7.20.1 [] {"uid":"786ece7"}
[2019-11-25 15:34:36] UTN FRA LOGGER.INFO: ip =::1 [] {"uid":"786ece7"}
[2019-11-25 15:35:13] UTN FRA LOGGER.INFO: Datos  =PostmanRuntime/7.20.1 [] {"uid":"6c4c2c7"}
[2019-11-25 15:35:13] UTN FRA LOGGER.INFO: ip =::1 [] {"uid":"6c4c2c7"}
[2019-11-25 15:35:24] UTN FRA LOGGER.INFO: Datos  =PostmanRuntime/7.20.1 [] {"uid":"2e4e1c4"}
[2019-11-25 15:35:24] UTN FRA LOGGER.INFO: ip =::1 [] {"uid":"2e4e1c4"}
[2019-11-25 15:35:35] UTN FRA LOGGER.INFO: Datos  =PostmanRuntime/7.20.1 [] {"uid":"dc2c7ea"}
[2019-11-25 15:35:35] UTN FRA LOGGER.INFO: ip =::1 [] {"uid":"dc2c7ea"}
[2019-11-25 15:36:08] UTN FRA LOGGER.INFO: Datos  =PostmanRuntime/7.20.1 [] {"uid":"635443f"}
[2019-11-25 15:36:08] UTN FRA LOGGER.INFO: ip =::1 [] {"uid":"635443f"}
[2019-11-25 15:41:05] UTN FRA LOGGER.INFO: Datos  =PostmanRuntime/7.20.1 [] {"uid":"c9ef1e7"}
[2019-11-25 15:41:05] UTN FRA LOGGER.INFO: ip =::1 [] {"uid":"c9ef1e7"}
[2019-11-25 15:41:25] UTN FRA LOGGER.INFO: Datos  =PostmanRuntime/7.20.1 [] {"uid":"04b005d"}
[2019-11-25 15:41:25] UTN FRA LOGGER.INFO: ip =::1 [] {"uid":"04b005d"}
[2019-11-25 15:50:39] UTN FRA LOGGER.INFO: Datos  =PostmanRuntime/7.20.1 [] {"uid":"210cc70"}
[2019-11-25 15:50:39] UTN FRA LOGGER.INFO: ip =::1 [] {"uid":"210cc70"}
[2019-11-25 15:51:17] UTN FRA LOGGER.INFO: Datos  =PostmanRuntime/7.20.1 [] {"uid":"2eb96d9"}
[2019-11-25 15:51:17] UTN FRA LOGGER.INFO: ip =::1 [] {"uid":"2eb96d9"}
[2019-11-25 15:52:07] UTN FRA LOGGER.INFO: Datos  =PostmanRuntime/7.20.1 [] {"uid":"b620256"}
[2019-11-25 15:52:07] UTN FRA LOGGER.INFO: ip =::1 [] {"uid":"b620256"}
[2019-11-25 15:52:49] UTN FRA LOGGER.INFO: Datos  =PostmanRuntime/7.20.1 [] {"uid":"e9082b0"}
[2019-11-25 15:52:49] UTN FRA LOGGER.INFO: ip =::1 [] {"uid":"e9082b0"}
[2019-11-25 15:53:01] UTN FRA LOGGER.INFO: Datos  =PostmanRuntime/7.20.1 [] {"uid":"a2281f5"}
[2019-11-25 15:53:01] UTN FRA LOGGER.INFO: ip =::1 [] {"uid":"a2281f5"}
[2019-11-25 16:12:25] UTN FRA LOGGER.INFO: Datos  =PostmanRuntime/7.20.1 [] {"uid":"30932ae"}
[2019-11-25 16:12:25] UTN FRA LOGGER.INFO: ip =::1 [] {"uid":"30932ae"}
[2019-11-25 16:18:03] UTN FRA LOGGER.INFO: Datos  =PostmanRuntime/7.20.1 [] {"uid":"27f9b30"}
[2019-11-25 16:18:03] UTN FRA LOGGER.INFO: ip =::1 [] {"uid":"27f9b30"}
[2019-11-25 16:22:58] UTN FRA LOGGER.INFO: Datos  =PostmanRuntime/7.20.1 [] {"uid":"1a66af0"}
[2019-11-25 16:22:58] UTN FRA LOGGER.INFO: ip =::1 [] {"uid":"1a66af0"}
[2019-11-25 16:24:14] UTN FRA LOGGER.INFO: Datos  =PostmanRuntime/7.20.1 [] {"uid":"917216a"}
[2019-11-25 16:24:14] UTN FRA LOGGER.INFO: ip =::1 [] {"uid":"917216a"}
[2019-11-25 16:27:35] UTN FRA LOGGER.INFO: Datos  =PostmanRuntime/7.20.1 [] {"uid":"f8c9eb1"}
[2019-11-25 16:27:35] UTN FRA LOGGER.INFO: ip =::1 [] {"uid":"f8c9eb1"}
[2019-11-25 16:29:29] UTN FRA LOGGER.INFO: Datos  =PostmanRuntime/7.20.1 [] {"uid":"c7cedec"}
[2019-11-25 16:29:29] UTN FRA LOGGER.INFO: ip =::1 [] {"uid":"c7cedec"}
[2019-11-25 16:36:29] UTN FRA LOGGER.INFO: Datos  =PostmanRuntime/7.20.1 [] {"uid":"df5dbed"}
[2019-11-25 16:36:29] UTN FRA LOGGER.INFO: ip =::1 [] {"uid":"df5dbed"}
[2019-11-25 16:36:43] UTN FRA LOGGER.INFO: Datos  =PostmanRuntime/7.20.1 [] {"uid":"dce8abb"}
[2019-11-25 16:36:43] UTN FRA LOGGER.INFO: ip =::1 [] {"uid":"dce8abb"}
[2019-11-25 16:36:56] UTN FRA LOGGER.INFO: Datos  =PostmanRuntime/7.20.1 [] {"uid":"aa9a719"}
[2019-11-25 16:36:56] UTN FRA LOGGER.INFO: ip =::1 [] {"uid":"aa9a719"}
[2019-11-25 16:37:02] UTN FRA LOGGER.INFO: Datos  =PostmanRuntime/7.20.1 [] {"uid":"2942b16"}
[2019-11-25 16:37:02] UTN FRA LOGGER.INFO: ip =::1 [] {"uid":"2942b16"}
[2019-11-25 16:37:06] UTN FRA LOGGER.INFO: Datos  =PostmanRuntime/7.20.1 [] {"uid":"e85abff"}
[2019-11-25 16:37:06] UTN FRA LOGGER.INFO: ip =::1 [] {"uid":"e85abff"}
[2019-11-25 18:40:23] UTN FRA LOGGER.INFO: Datos  =PostmanRuntime/7.20.1 [] {"uid":"e5e1e81"}
[2019-11-25 18:40:23] UTN FRA LOGGER.INFO: ip =::1 [] {"uid":"e5e1e81"}
[2019-11-25 18:41:11] UTN FRA LOGGER.INFO: Datos  =PostmanRuntime/7.20.1 [] {"uid":"0369e2e"}
[2019-11-25 18:41:11] UTN FRA LOGGER.INFO: ip =::1 [] {"uid":"0369e2e"}
[2019-11-25 18:41:36] UTN FRA LOGGER.INFO: Datos  =PostmanRuntime/7.20.1 [] {"uid":"5ee3847"}
[2019-11-25 18:41:36] UTN FRA LOGGER.INFO: ip =::1 [] {"uid":"5ee3847"}
[2019-11-25 18:42:18] UTN FRA LOGGER.INFO: Datos  =PostmanRuntime/7.20.1 [] {"uid":"6e64aa8"}
[2019-11-25 18:42:18] UTN FRA LOGGER.INFO: ip =::1 [] {"uid":"6e64aa8"}
[2019-11-25 18:42:48] UTN FRA LOGGER.INFO: Datos  =PostmanRuntime/7.20.1 [] {"uid":"a721653"}
[2019-11-25 18:42:48] UTN FRA LOGGER.INFO: ip =::1 [] {"uid":"a721653"}
[2019-11-25 19:13:49] UTN FRA LOGGER.INFO: Datos  =PostmanRuntime/7.20.1 [] {"uid":"f9cfdce"}
[2019-11-25 19:13:49] UTN FRA LOGGER.INFO: ip =::1 [] {"uid":"f9cfdce"}
[2019-11-25 19:14:27] UTN FRA LOGGER.INFO: Datos  =PostmanRuntime/7.20.1 [] {"uid":"b7ccb80"}
[2019-11-25 19:14:27] UTN FRA LOGGER.INFO: ip =::1 [] {"uid":"b7ccb80"}
[2019-11-25 19:14:32] UTN FRA LOGGER.INFO: Datos  =PostmanRuntime/7.20.1 [] {"uid":"1cf8aa0"}
[2019-11-25 19:14:32] UTN FRA LOGGER.INFO: ip =::1 [] {"uid":"1cf8aa0"}
[2019-11-25 19:21:10] UTN FRA LOGGER.INFO: Datos  =PostmanRuntime/7.20.1 [] {"uid":"c9f0987"}
[2019-11-25 19:21:10] UTN FRA LOGGER.INFO: ip =::1 [] {"uid":"c9f0987"}
[2019-11-25 19:21:29] UTN FRA LOGGER.INFO: Datos  =PostmanRuntime/7.20.1 [] {"uid":"9607a26"}
[2019-11-25 19:21:29] UTN FRA LOGGER.INFO: ip =::1 [] {"uid":"9607a26"}
[2019-11-25 19:24:30] UTN FRA LOGGER.INFO: Datos  =PostmanRuntime/7.20.1 [] {"uid":"252d850"}
[2019-11-25 19:24:30] UTN FRA LOGGER.INFO: ip =::1 [] {"uid":"252d850"}
[2019-11-25 19:24:57] UTN FRA LOGGER.INFO: Datos  =PostmanRuntime/7.20.1 [] {"uid":"5e3e6d3"}
[2019-11-25 19:24:57] UTN FRA LOGGER.INFO: ip =::1 [] {"uid":"5e3e6d3"}
[2019-11-25 19:25:22] UTN FRA LOGGER.INFO: Datos  =PostmanRuntime/7.20.1 [] {"uid":"4f52d2a"}
[2019-11-25 19:25:22] UTN FRA LOGGER.INFO: ip =::1 [] {"uid":"4f52d2a"}
[2019-11-25 19:25:42] UTN FRA LOGGER.INFO: Datos  =PostmanRuntime/7.20.1 [] {"uid":"04b7219"}
[2019-11-25 19:25:42] UTN FRA LOGGER.INFO: ip =::1 [] {"uid":"04b7219"}
[2019-11-25 19:25:53] UTN FRA LOGGER.INFO: Datos  =PostmanRuntime/7.20.1 [] {"uid":"eb1e8f3"}
[2019-11-25 19:25:53] UTN FRA LOGGER.INFO: ip =::1 [] {"uid":"eb1e8f3"}
[2019-11-25 19:35:15] UTN FRA LOGGER.INFO: Datos  =PostmanRuntime/7.20.1 [] {"uid":"12260a2"}
[2019-11-25 19:35:15] UTN FRA LOGGER.INFO: ip =::1 [] {"uid":"12260a2"}
[2019-11-25 20:05:41] UTN FRA LOGGER.INFO: Datos  =PostmanRuntime/7.20.1 [] {"uid":"86d7987"}
[2019-11-25 20:05:41] UTN FRA LOGGER.INFO: ip =::1 [] {"uid":"86d7987"}
[2019-11-25 20:50:04] UTN FRA LOGGER.INFO: Datos  =PostmanRuntime/7.20.1 [] {"uid":"1a14abf"}
[2019-11-25 20:50:04] UTN FRA LOGGER.INFO: ip =::1 [] {"uid":"1a14abf"}
[2019-11-25 20:52:18] UTN FRA LOGGER.INFO: Datos  =PostmanRuntime/7.20.1 [] {"uid":"90223f5"}
[2019-11-25 20:52:18] UTN FRA LOGGER.INFO: ip =::1 [] {"uid":"90223f5"}
[2019-11-25 20:52:43] UTN FRA LOGGER.INFO: Datos  =PostmanRuntime/7.20.1 [] {"uid":"ae7068c"}
[2019-11-25 20:52:43] UTN FRA LOGGER.INFO: ip =::1 [] {"uid":"ae7068c"}
[2019-11-25 20:53:49] UTN FRA LOGGER.INFO: Datos  =PostmanRuntime/7.20.1 [] {"uid":"29c52dd"}
[2019-11-25 20:53:49] UTN FRA LOGGER.INFO: ip =::1 [] {"uid":"29c52dd"}
[2019-11-25 22:39:01] UTN FRA LOGGER.INFO: Datos  =Mozilla/5.0 (Windows NT 6.1; Win64; x64) AppleWebKit/537.36 (KHTML, like Gecko) Chrome/76.0.3809.132 Safari/537.36 [] {"uid":"de71be9"}
[2019-11-25 22:39:01] UTN FRA LOGGER.INFO: ip =::1 [] {"uid":"de71be9"}
[2019-11-25 22:40:03] UTN FRA LOGGER.INFO: Datos  =Mozilla/5.0 (Windows NT 6.1; Win64; x64) AppleWebKit/537.36 (KHTML, like Gecko) Chrome/76.0.3809.132 Safari/537.36 [] {"uid":"3fc50db"}
[2019-11-25 22:40:03] UTN FRA LOGGER.INFO: ip =::1 [] {"uid":"3fc50db"}
