::1 - - [26/Aug/2019:21:12:18 -0300] "GET /clase1/app1.php HTTP/1.1" 404 1165 "-" "Mozilla/5.0 (Windows NT 6.1; Win64; x64) AppleWebKit/537.36 (KHTML, like Gecko) Chrome/76.0.3809.100 Safari/537.36"
::1 - - [26/Aug/2019:21:12:32 -0300] "GET /clase1/ HTTP/1.1" 200 8 "-" "Mozilla/5.0 (Windows NT 6.1; Win64; x64) AppleWebKit/537.36 (KHTML, like Gecko) Chrome/76.0.3809.100 Safari/537.36"
::1 - - [26/Aug/2019:21:21:47 -0300] "GET /clase1/ HTTP/1.1" 200 20 "-" "Mozilla/5.0 (Windows NT 6.1; Win64; x64) AppleWebKit/537.36 (KHTML, like Gecko) Chrome/76.0.3809.100 Safari/537.36"
::1 - - [26/Aug/2019:21:22:09 -0300] "GET /clase1/ HTTP/1.1" 200 26 "-" "Mozilla/5.0 (Windows NT 6.1; Win64; x64) AppleWebKit/537.36 (KHTML, like Gecko) Chrome/76.0.3809.100 Safari/537.36"
::1 - - [26/Aug/2019:21:22:29 -0300] "GET /clase1/ HTTP/1.1" 200 650 "-" "Mozilla/5.0 (Windows NT 6.1; Win64; x64) AppleWebKit/537.36 (KHTML, like Gecko) Chrome/76.0.3809.100 Safari/537.36"
::1 - - [26/Aug/2019:21:23:12 -0300] "GET /clase1/ HTTP/1.1" 200 26 "-" "Mozilla/5.0 (Windows NT 6.1; Win64; x64) AppleWebKit/537.36 (KHTML, like Gecko) Chrome/76.0.3809.100 Safari/537.36"
::1 - - [26/Aug/2019:21:25:33 -0300] "GET /clase1/app1.php HTTP/1.1" 200 22 "-" "Mozilla/5.0 (Windows NT 6.1; Win64; x64) AppleWebKit/537.36 (KHTML, like Gecko) Chrome/76.0.3809.100 Safari/537.36"
::1 - - [26/Aug/2019:21:26:08 -0300] "GET /clase1/ HTTP/1.1" 200 26 "-" "Mozilla/5.0 (Windows NT 6.1; Win64; x64) AppleWebKit/537.36 (KHTML, like Gecko) Chrome/76.0.3809.100 Safari/537.36"
::1 - - [26/Aug/2019:21:27:16 -0300] "GET /clase1/app2.php HTTP/1.1" 200 7 "-" "Mozilla/5.0 (Windows NT 6.1; Win64; x64) AppleWebKit/537.36 (KHTML, like Gecko) Chrome/76.0.3809.100 Safari/537.36"
::1 - - [26/Aug/2019:21:47:35 -0300] "GET /clase1/ HTTP/1.1" 200 639 "-" "Mozilla/5.0 (Windows NT 6.1; Win64; x64) AppleWebKit/537.36 (KHTML, like Gecko) Chrome/76.0.3809.100 Safari/537.36"
::1 - - [26/Aug/2019:21:47:55 -0300] "GET /clase1/ HTTP/1.1" 200 223 "-" "Mozilla/5.0 (Windows NT 6.1; Win64; x64) AppleWebKit/537.36 (KHTML, like Gecko) Chrome/76.0.3809.100 Safari/537.36"
::1 - - [26/Aug/2019:21:48:04 -0300] "GET /clase1/ HTTP/1.1" 200 223 "-" "Mozilla/5.0 (Windows NT 6.1; Win64; x64) AppleWebKit/537.36 (KHTML, like Gecko) Chrome/76.0.3809.100 Safari/537.36"
::1 - - [26/Aug/2019:21:48:23 -0300] "GET /clase1/ HTTP/1.1" 200 222 "-" "Mozilla/5.0 (Windows NT 6.1; Win64; x64) AppleWebKit/537.36 (KHTML, like Gecko) Chrome/76.0.3809.100 Safari/537.36"
::1 - - [26/Aug/2019:21:48:53 -0300] "GET /clase1/ HTTP/1.1" 200 222 "-" "Mozilla/5.0 (Windows NT 6.1; Win64; x64) AppleWebKit/537.36 (KHTML, like Gecko) Chrome/76.0.3809.100 Safari/537.36"
::1 - - [26/Aug/2019:21:49:07 -0300] "GET /clase1/ HTTP/1.1" 200 26 "-" "Mozilla/5.0 (Windows NT 6.1; Win64; x64) AppleWebKit/537.36 (KHTML, like Gecko) Chrome/76.0.3809.100 Safari/537.36"
::1 - - [02/Sep/2019:18:48:09 -0300] "GET /clase1/app2.php HTTP/1.1" 200 7 "-" "Mozilla/5.0 (Windows NT 6.1; Win64; x64) AppleWebKit/537.36 (KHTML, like Gecko) Chrome/76.0.3809.132 Safari/537.36"
::1 - - [02/Sep/2019:18:48:50 -0300] "GET /clase1/app3.php HTTP/1.1" 200 - "-" "Mozilla/5.0 (Windows NT 6.1; Win64; x64) AppleWebKit/537.36 (KHTML, like Gecko) Chrome/76.0.3809.132 Safari/537.36"
::1 - - [02/Sep/2019:18:52:36 -0300] "GET /clase1/app3.php HTTP/1.1" 200 25 "-" "Mozilla/5.0 (Windows NT 6.1; Win64; x64) AppleWebKit/537.36 (KHTML, like Gecko) Chrome/76.0.3809.132 Safari/537.36"
::1 - - [02/Sep/2019:19:00:31 -0300] "GET /clase1/app4.php HTTP/1.1" 200 452482597 "-" "Mozilla/5.0 (Windows NT 6.1; Win64; x64) AppleWebKit/537.36 (KHTML, like Gecko) Chrome/76.0.3809.132 Safari/537.36"
::1 - - [02/Sep/2019:19:01:29 -0300] "GET /clase1/app4.php HTTP/1.1" 200 271960066 "-" "Mozilla/5.0 (Windows NT 6.1; Win64; x64) AppleWebKit/537.36 (KHTML, like Gecko) Chrome/76.0.3809.132 Safari/537.36"
::1 - - [02/Sep/2019:19:33:19 -0300] "GET /clase2/ HTTP/1.1" 200 412 "-" "Mozilla/5.0 (Windows NT 6.1; Win64; x64) AppleWebKit/537.36 (KHTML, like Gecko) Chrome/76.0.3809.132 Safari/537.36"
::1 - - [02/Sep/2019:19:33:37 -0300] "GET /clase2/ HTTP/1.1" 200 3 "-" "Mozilla/5.0 (Windows NT 6.1; Win64; x64) AppleWebKit/537.36 (KHTML, like Gecko) Chrome/76.0.3809.132 Safari/537.36"
::1 - - [02/Sep/2019:19:34:01 -0300] "GET /clase2/ HTTP/1.1" 200 18 "-" "Mozilla/5.0 (Windows NT 6.1; Win64; x64) AppleWebKit/537.36 (KHTML, like Gecko) Chrome/76.0.3809.132 Safari/537.36"
::1 - - [02/Sep/2019:19:35:45 -0300] "GET /clase2/ HTTP/1.1" 200 18 "-" "Mozilla/5.0 (Windows NT 6.1; Win64; x64) AppleWebKit/537.36 (KHTML, like Gecko) Chrome/76.0.3809.132 Safari/537.36"
::1 - - [02/Sep/2019:19:36:39 -0300] "POST /clase2/ HTTP/1.1" 200 18 "-" "Mozilla/5.0 (Windows NT 6.1; Win64; x64) AppleWebKit/537.36 (KHTML, like Gecko) Chrome/76.0.3809.132 Safari/537.36"
::1 - - [02/Sep/2019:19:36:42 -0300] "POST /clase2/ HTTP/1.1" 200 18 "-" "Mozilla/5.0 (Windows NT 6.1; Win64; x64) AppleWebKit/537.36 (KHTML, like Gecko) Chrome/76.0.3809.132 Safari/537.36"
::1 - - [02/Sep/2019:19:36:45 -0300] "PATCH /clase2/ HTTP/1.1" 200 18 "-" "Mozilla/5.0 (Windows NT 6.1; Win64; x64) AppleWebKit/537.36 (KHTML, like Gecko) Chrome/76.0.3809.132 Safari/537.36"
::1 - - [02/Sep/2019:19:36:50 -0300] "HEAD /clase2/ HTTP/1.1" 200 - "-" "Mozilla/5.0 (Windows NT 6.1; Win64; x64) AppleWebKit/537.36 (KHTML, like Gecko) Chrome/76.0.3809.132 Safari/537.36"
::1 - - [02/Sep/2019:19:36:57 -0300] "PUT /clase2/ HTTP/1.1" 200 18 "-" "Mozilla/5.0 (Windows NT 6.1; Win64; x64) AppleWebKit/537.36 (KHTML, like Gecko) Chrome/76.0.3809.132 Safari/537.36"
::1 - - [02/Sep/2019:19:37:00 -0300] "GET /clase2/ HTTP/1.1" 200 18 "-" "Mozilla/5.0 (Windows NT 6.1; Win64; x64) AppleWebKit/537.36 (KHTML, like Gecko) Chrome/76.0.3809.132 Safari/537.36"
::1 - - [02/Sep/2019:19:37:31 -0300] "GET /clase2/ HTTP/1.1" 200 18 "-" "Mozilla/5.0 (Windows NT 6.1; Win64; x64) AppleWebKit/537.36 (KHTML, like Gecko) Chrome/76.0.3809.132 Safari/537.36"
::1 - - [02/Sep/2019:19:37:35 -0300] "POST /clase2/ HTTP/1.1" 200 18 "-" "Mozilla/5.0 (Windows NT 6.1; Win64; x64) AppleWebKit/537.36 (KHTML, like Gecko) Chrome/76.0.3809.132 Safari/537.36"
::1 - - [02/Sep/2019:19:44:50 -0300] "POST /clase2/2 HTTP/1.1" 404 1165 "-" "Mozilla/5.0 (Windows NT 6.1; Win64; x64) AppleWebKit/537.36 (KHTML, like Gecko) Chrome/76.0.3809.132 Safari/537.36"
::1 - - [02/Sep/2019:19:44:55 -0300] "POST /clase2/ HTTP/1.1" 200 18 "-" "Mozilla/5.0 (Windows NT 6.1; Win64; x64) AppleWebKit/537.36 (KHTML, like Gecko) Chrome/76.0.3809.132 Safari/537.36"
::1 - - [02/Sep/2019:19:45:01 -0300] "POST /clase2/?1 HTTP/1.1" 200 18 "-" "Mozilla/5.0 (Windows NT 6.1; Win64; x64) AppleWebKit/537.36 (KHTML, like Gecko) Chrome/76.0.3809.132 Safari/537.36"
::1 - - [02/Sep/2019:19:45:05 -0300] "POST /clase2/?33 HTTP/1.1" 200 18 "-" "Mozilla/5.0 (Windows NT 6.1; Win64; x64) AppleWebKit/537.36 (KHTML, like Gecko) Chrome/76.0.3809.132 Safari/537.36"
::1 - - [02/Sep/2019:19:45:10 -0300] "POST /clase2/?$33 HTTP/1.1" 200 18 "-" "Mozilla/5.0 (Windows NT 6.1; Win64; x64) AppleWebKit/537.36 (KHTML, like Gecko) Chrome/76.0.3809.132 Safari/537.36"
::1 - - [02/Sep/2019:19:45:14 -0300] "GET /clase2/?$33 HTTP/1.1" 200 18 "-" "Mozilla/5.0 (Windows NT 6.1; Win64; x64) AppleWebKit/537.36 (KHTML, like Gecko) Chrome/76.0.3809.132 Safari/537.36"
::1 - - [02/Sep/2019:19:46:48 -0300] "GET /clase2/?$33 HTTP/1.1" 200 18 "-" "Mozilla/5.0 (Windows NT 6.1; Win64; x64) AppleWebKit/537.36 (KHTML, like Gecko) Chrome/76.0.3809.132 Safari/537.36"
::1 - - [02/Sep/2019:19:46:53 -0300] "POST /clase2/ HTTP/1.1" 200 18 "-" "Mozilla/5.0 (Windows NT 6.1; Win64; x64) AppleWebKit/537.36 (KHTML, like Gecko) Chrome/76.0.3809.132 Safari/537.36"
::1 - - [02/Sep/2019:19:46:55 -0300] "GET /clase2/ HTTP/1.1" 200 18 "-" "Mozilla/5.0 (Windows NT 6.1; Win64; x64) AppleWebKit/537.36 (KHTML, like Gecko) Chrome/76.0.3809.132 Safari/537.36"
::1 - - [02/Sep/2019:19:55:08 -0300] "GET /clase2/ HTTP/1.1" 200 141 "-" "Mozilla/5.0 (Windows NT 6.1; Win64; x64) AppleWebKit/537.36 (KHTML, like Gecko) Chrome/76.0.3809.132 Safari/537.36"
::1 - - [02/Sep/2019:19:55:32 -0300] "POST /clase2/ HTTP/1.1" 200 141 "-" "Mozilla/5.0 (Windows NT 6.1; Win64; x64) AppleWebKit/537.36 (KHTML, like Gecko) Chrome/76.0.3809.132 Safari/537.36"
::1 - - [02/Sep/2019:19:56:23 -0300] "POST /clase2/ HTTP/1.1" 200 414 "-" "Mozilla/5.0 (Windows NT 6.1; Win64; x64) AppleWebKit/537.36 (KHTML, like Gecko) Chrome/76.0.3809.132 Safari/537.36"
::1 - - [02/Sep/2019:19:56:27 -0300] "GET /clase2/ HTTP/1.1" 200 414 "-" "Mozilla/5.0 (Windows NT 6.1; Win64; x64) AppleWebKit/537.36 (KHTML, like Gecko) Chrome/76.0.3809.132 Safari/537.36"
::1 - - [02/Sep/2019:19:56:35 -0300] "GET /clase2/ HTTP/1.1" 200 18 "-" "Mozilla/5.0 (Windows NT 6.1; Win64; x64) AppleWebKit/537.36 (KHTML, like Gecko) Chrome/76.0.3809.132 Safari/537.36"
::1 - - [02/Sep/2019:19:56:38 -0300] "POST /clase2/ HTTP/1.1" 200 414 "-" "Mozilla/5.0 (Windows NT 6.1; Win64; x64) AppleWebKit/537.36 (KHTML, like Gecko) Chrome/76.0.3809.132 Safari/537.36"
::1 - - [02/Sep/2019:19:57:12 -0300] "POST /clase2/ HTTP/1.1" 200 290 "-" "Mozilla/5.0 (Windows NT 6.1; Win64; x64) AppleWebKit/537.36 (KHTML, like Gecko) Chrome/76.0.3809.132 Safari/537.36"
::1 - - [02/Sep/2019:19:57:31 -0300] "POST /clase2/ HTTP/1.1" 200 3 "-" "Mozilla/5.0 (Windows NT 6.1; Win64; x64) AppleWebKit/537.36 (KHTML, like Gecko) Chrome/76.0.3809.132 Safari/537.36"
::1 - - [02/Sep/2019:19:58:12 -0300] "POST /clase2/ HTTP/1.1" 200 - "-" "Mozilla/5.0 (Windows NT 6.1; Win64; x64) AppleWebKit/537.36 (KHTML, like Gecko) Chrome/76.0.3809.132 Safari/537.36"
::1 - - [02/Sep/2019:19:58:15 -0300] "GET /clase2/ HTTP/1.1" 200 18 "-" "Mozilla/5.0 (Windows NT 6.1; Win64; x64) AppleWebKit/537.36 (KHTML, like Gecko) Chrome/76.0.3809.132 Safari/537.36"
::1 - - [02/Sep/2019:19:58:36 -0300] "GET /clase2/ HTTP/1.1" 200 18 "-" "Mozilla/5.0 (Windows NT 6.1; Win64; x64) AppleWebKit/537.36 (KHTML, like Gecko) Chrome/76.0.3809.132 Safari/537.36"
::1 - - [02/Sep/2019:19:58:39 -0300] "POST /clase2/ HTTP/1.1" 200 24 "-" "Mozilla/5.0 (Windows NT 6.1; Win64; x64) AppleWebKit/537.36 (KHTML, like Gecko) Chrome/76.0.3809.132 Safari/537.36"
::1 - - [02/Sep/2019:20:05:20 -0300] "POST /clase2/ HTTP/1.1" 200 231 "-" "Mozilla/5.0 (Windows NT 6.1; Win64; x64) AppleWebKit/537.36 (KHTML, like Gecko) Chrome/76.0.3809.132 Safari/537.36"
::1 - - [02/Sep/2019:20:05:53 -0300] "POST /clase2/ HTTP/1.1" 200 181 "-" "Mozilla/5.0 (Windows NT 6.1; Win64; x64) AppleWebKit/537.36 (KHTML, like Gecko) Chrome/76.0.3809.132 Safari/537.36"
::1 - - [02/Sep/2019:20:07:08 -0300] "POST /clase2/ HTTP/1.1" 200 457 "-" "Mozilla/5.0 (Windows NT 6.1; Win64; x64) AppleWebKit/537.36 (KHTML, like Gecko) Chrome/76.0.3809.132 Safari/537.36"
::1 - - [02/Sep/2019:20:07:16 -0300] "GET /clase2/ HTTP/1.1" 200 457 "-" "Mozilla/5.0 (Windows NT 6.1; Win64; x64) AppleWebKit/537.36 (KHTML, like Gecko) Chrome/76.0.3809.132 Safari/537.36"
::1 - - [02/Sep/2019:20:08:19 -0300] "GET /clase2/ HTTP/1.1" 200 934 "-" "Mozilla/5.0 (Windows NT 6.1; Win64; x64) AppleWebKit/537.36 (KHTML, like Gecko) Chrome/76.0.3809.132 Safari/537.36"
::1 - - [02/Sep/2019:20:09:15 -0300] "GET /clase2/ HTTP/1.1" 200 1562 "-" "Mozilla/5.0 (Windows NT 6.1; Win64; x64) AppleWebKit/537.36 (KHTML, like Gecko) Chrome/76.0.3809.132 Safari/537.36"
::1 - - [02/Sep/2019:20:12:57 -0300] "GET /clase2/ HTTP/1.1" 200 825 "-" "Mozilla/5.0 (Windows NT 6.1; Win64; x64) AppleWebKit/537.36 (KHTML, like Gecko) Chrome/76.0.3809.132 Safari/537.36"
::1 - - [02/Sep/2019:20:13:16 -0300] "GET /clase2/ HTTP/1.1" 200 45 "-" "Mozilla/5.0 (Windows NT 6.1; Win64; x64) AppleWebKit/537.36 (KHTML, like Gecko) Chrome/76.0.3809.132 Safari/537.36"
::1 - - [02/Sep/2019:20:13:51 -0300] "POST /clase2/ HTTP/1.1" 200 562 "-" "Mozilla/5.0 (Windows NT 6.1; Win64; x64) AppleWebKit/537.36 (KHTML, like Gecko) Chrome/76.0.3809.132 Safari/537.36"
::1 - - [02/Sep/2019:20:14:06 -0300] "POST /clase2/ HTTP/1.1" 200 45 "-" "Mozilla/5.0 (Windows NT 6.1; Win64; x64) AppleWebKit/537.36 (KHTML, like Gecko) Chrome/76.0.3809.132 Safari/537.36"
::1 - - [02/Sep/2019:20:20:43 -0300] "POST /clase2/ HTTP/1.1" 200 45 "-" "Mozilla/5.0 (Windows NT 6.1; Win64; x64) AppleWebKit/537.36 (KHTML, like Gecko) Chrome/76.0.3809.132 Safari/537.36"
::1 - - [02/Sep/2019:20:42:44 -0300] "POST /clase2/ HTTP/1.1" 200 45 "-" "Mozilla/5.0 (Windows NT 6.1; Win64; x64) AppleWebKit/537.36 (KHTML, like Gecko) Chrome/76.0.3809.132 Safari/537.36"
::1 - - [02/Sep/2019:20:44:08 -0300] "POST /clase2/ HTTP/1.1" 200 1067 "-" "Mozilla/5.0 (Windows NT 6.1; Win64; x64) AppleWebKit/537.36 (KHTML, like Gecko) Chrome/76.0.3809.132 Safari/537.36"
::1 - - [02/Sep/2019:21:03:46 -0300] "POST /clase2/ HTTP/1.1" 200 42 "-" "Mozilla/5.0 (Windows NT 6.1; Win64; x64) AppleWebKit/537.36 (KHTML, like Gecko) Chrome/76.0.3809.132 Safari/537.36"
::1 - - [16/Sep/2019:18:53:59 -0300] "GET /clase2/ HTTP/1.1" 200 45 "-" "Mozilla/5.0 (Windows NT 6.1; Win64; x64) AppleWebKit/537.36 (KHTML, like Gecko) Chrome/76.0.3809.132 Safari/537.36"
::1 - - [16/Sep/2019:18:54:06 -0300] "GET /clase2/ HTTP/1.1" 200 45 "-" "Mozilla/5.0 (Windows NT 6.1; Win64; x64) AppleWebKit/537.36 (KHTML, like Gecko) Chrome/76.0.3809.132 Safari/537.36"
::1 - - [16/Sep/2019:18:54:09 -0300] "POST /clase2/ HTTP/1.1" 200 42 "-" "Mozilla/5.0 (Windows NT 6.1; Win64; x64) AppleWebKit/537.36 (KHTML, like Gecko) Chrome/76.0.3809.132 Safari/537.36"
::1 - - [16/Sep/2019:18:54:11 -0300] "POST /clase2/ HTTP/1.1" 200 42 "-" "Mozilla/5.0 (Windows NT 6.1; Win64; x64) AppleWebKit/537.36 (KHTML, like Gecko) Chrome/76.0.3809.132 Safari/537.36"
::1 - - [16/Sep/2019:18:54:30 -0300] "GET /clase2/ HTTP/1.1" 200 45 "-" "Mozilla/5.0 (Windows NT 6.1; Win64; x64) AppleWebKit/537.36 (KHTML, like Gecko) Chrome/76.0.3809.132 Safari/537.36"
::1 - - [16/Sep/2019:18:54:35 -0300] "GET /clase2/ HTTP/1.1" 200 45 "-" "Mozilla/5.0 (Windows NT 6.1; Win64; x64) AppleWebKit/537.36 (KHTML, like Gecko) Chrome/76.0.3809.132 Safari/537.36"
::1 - - [16/Sep/2019:19:32:50 -0300] "POST /clase4/ HTTP/1.1" 200 - "-" "Mozilla/5.0 (Windows NT 6.1; Win64; x64) AppleWebKit/537.36 (KHTML, like Gecko) Chrome/76.0.3809.132 Safari/537.36"
::1 - - [16/Sep/2019:19:33:44 -0300] "POST /clase4/index.php HTTP/1.1" 200 - "-" "Mozilla/5.0 (Windows NT 6.1; Win64; x64) AppleWebKit/537.36 (KHTML, like Gecko) Chrome/76.0.3809.132 Safari/537.36"
::1 - - [16/Sep/2019:19:33:48 -0300] "POST /clase4/.index.php HTTP/1.1" 404 1165 "-" "Mozilla/5.0 (Windows NT 6.1; Win64; x64) AppleWebKit/537.36 (KHTML, like Gecko) Chrome/76.0.3809.132 Safari/537.36"
::1 - - [16/Sep/2019:19:34:09 -0300] "POST /clase4/.index.php HTTP/1.1" 404 1165 "-" "Mozilla/5.0 (Windows NT 6.1; Win64; x64) AppleWebKit/537.36 (KHTML, like Gecko) Chrome/76.0.3809.132 Safari/537.36"
::1 - - [16/Sep/2019:19:34:21 -0300] "POST /clase4/index.php HTTP/1.1" 200 - "-" "Mozilla/5.0 (Windows NT 6.1; Win64; x64) AppleWebKit/537.36 (KHTML, like Gecko) Chrome/76.0.3809.132 Safari/537.36"
::1 - - [16/Sep/2019:19:47:06 -0300] "POST /clase4/index.php HTTP/1.1" 200 267 "-" "Mozilla/5.0 (Windows NT 6.1; Win64; x64) AppleWebKit/537.36 (KHTML, like Gecko) Chrome/76.0.3809.132 Safari/537.36"
::1 - - [16/Sep/2019:19:59:44 -0300] "POST /clase4/index.php HTTP/1.1" 200 300 "-" "Mozilla/5.0 (Windows NT 6.1; Win64; x64) AppleWebKit/537.36 (KHTML, like Gecko) Chrome/76.0.3809.132 Safari/537.36"
::1 - - [16/Sep/2019:20:00:52 -0300] "POST /clase4/index.php HTTP/1.1" 200 300 "-" "Mozilla/5.0 (Windows NT 6.1; Win64; x64) AppleWebKit/537.36 (KHTML, like Gecko) Chrome/76.0.3809.132 Safari/537.36"
::1 - - [16/Sep/2019:20:01:02 -0300] "POST /clase4/index.php HTTP/1.1" 200 287 "-" "Mozilla/5.0 (Windows NT 6.1; Win64; x64) AppleWebKit/537.36 (KHTML, like Gecko) Chrome/76.0.3809.132 Safari/537.36"
::1 - - [16/Sep/2019:20:01:08 -0300] "POST /clase4/index.php HTTP/1.1" 200 287 "-" "Mozilla/5.0 (Windows NT 6.1; Win64; x64) AppleWebKit/537.36 (KHTML, like Gecko) Chrome/76.0.3809.132 Safari/537.36"
::1 - - [16/Sep/2019:20:01:38 -0300] "POST /clase4/index.php HTTP/1.1" 200 287 "-" "Mozilla/5.0 (Windows NT 6.1; Win64; x64) AppleWebKit/537.36 (KHTML, like Gecko) Chrome/76.0.3809.132 Safari/537.36"
::1 - - [16/Sep/2019:20:02:28 -0300] "POST /clase4/index.php HTTP/1.1" 200 285 "-" "Mozilla/5.0 (Windows NT 6.1; Win64; x64) AppleWebKit/537.36 (KHTML, like Gecko) Chrome/76.0.3809.132 Safari/537.36"
::1 - - [16/Sep/2019:20:02:36 -0300] "POST /clase4/index.php HTTP/1.1" 200 285 "-" "Mozilla/5.0 (Windows NT 6.1; Win64; x64) AppleWebKit/537.36 (KHTML, like Gecko) Chrome/76.0.3809.132 Safari/537.36"
::1 - - [16/Sep/2019:20:04:03 -0300] "POST /clase4/index.php HTTP/1.1" 200 285 "-" "Mozilla/5.0 (Windows NT 6.1; Win64; x64) AppleWebKit/537.36 (KHTML, like Gecko) Chrome/76.0.3809.132 Safari/537.36"
::1 - - [16/Sep/2019:20:04:05 -0300] "POST /clase4/index.php HTTP/1.1" 200 285 "-" "Mozilla/5.0 (Windows NT 6.1; Win64; x64) AppleWebKit/537.36 (KHTML, like Gecko) Chrome/76.0.3809.132 Safari/537.36"
::1 - - [16/Sep/2019:20:05:15 -0300] "POST /clase4/index.php HTTP/1.1" 200 285 "-" "Mozilla/5.0 (Windows NT 6.1; Win64; x64) AppleWebKit/537.36 (KHTML, like Gecko) Chrome/76.0.3809.132 Safari/537.36"
::1 - - [16/Sep/2019:20:05:19 -0300] "POST /clase4/index.php HTTP/1.1" 200 285 "-" "Mozilla/5.0 (Windows NT 6.1; Win64; x64) AppleWebKit/537.36 (KHTML, like Gecko) Chrome/76.0.3809.132 Safari/537.36"
::1 - - [16/Sep/2019:20:05:20 -0300] "POST /clase4/index.php HTTP/1.1" 200 285 "-" "Mozilla/5.0 (Windows NT 6.1; Win64; x64) AppleWebKit/537.36 (KHTML, like Gecko) Chrome/76.0.3809.132 Safari/537.36"
::1 - - [16/Sep/2019:20:05:36 -0300] "POST /clase4/index.php HTTP/1.1" 200 285 "-" "Mozilla/5.0 (Windows NT 6.1; Win64; x64) AppleWebKit/537.36 (KHTML, like Gecko) Chrome/76.0.3809.132 Safari/537.36"
::1 - - [16/Sep/2019:20:06:25 -0300] "POST /clase4/index.php HTTP/1.1" 200 285 "-" "Mozilla/5.0 (Windows NT 6.1; Win64; x64) AppleWebKit/537.36 (KHTML, like Gecko) Chrome/76.0.3809.132 Safari/537.36"
::1 - - [16/Sep/2019:20:07:03 -0300] "POST /clase4/index.php HTTP/1.1" 200 300 "-" "Mozilla/5.0 (Windows NT 6.1; Win64; x64) AppleWebKit/537.36 (KHTML, like Gecko) Chrome/76.0.3809.132 Safari/537.36"
::1 - - [16/Sep/2019:20:07:28 -0300] "POST /clase4/index.php HTTP/1.1" 200 300 "-" "Mozilla/5.0 (Windows NT 6.1; Win64; x64) AppleWebKit/537.36 (KHTML, like Gecko) Chrome/76.0.3809.132 Safari/537.36"
::1 - - [16/Sep/2019:20:08:02 -0300] "GET /clase4/index.php HTTP/1.1" 200 139 "-" "Mozilla/5.0 (Windows NT 6.1; Win64; x64) AppleWebKit/537.36 (KHTML, like Gecko) Chrome/76.0.3809.132 Safari/537.36"
::1 - - [16/Sep/2019:20:08:16 -0300] "POST /clase4/index.php HTTP/1.1" 200 300 "-" "Mozilla/5.0 (Windows NT 6.1; Win64; x64) AppleWebKit/537.36 (KHTML, like Gecko) Chrome/76.0.3809.132 Safari/537.36"
::1 - - [16/Sep/2019:20:08:51 -0300] "POST /clase4/index.php HTTP/1.1" 200 300 "-" "Mozilla/5.0 (Windows NT 6.1; Win64; x64) AppleWebKit/537.36 (KHTML, like Gecko) Chrome/76.0.3809.132 Safari/537.36"
::1 - - [16/Sep/2019:20:09:05 -0300] "POST /clase4/index.php HTTP/1.1" 200 287 "-" "Mozilla/5.0 (Windows NT 6.1; Win64; x64) AppleWebKit/537.36 (KHTML, like Gecko) Chrome/76.0.3809.132 Safari/537.36"
::1 - - [16/Sep/2019:20:09:28 -0300] "POST /clase4/index.php HTTP/1.1" 200 286 "-" "Mozilla/5.0 (Windows NT 6.1; Win64; x64) AppleWebKit/537.36 (KHTML, like Gecko) Chrome/76.0.3809.132 Safari/537.36"
::1 - - [16/Sep/2019:20:09:42 -0300] "POST /clase4/index.php HTTP/1.1" 200 287 "-" "Mozilla/5.0 (Windows NT 6.1; Win64; x64) AppleWebKit/537.36 (KHTML, like Gecko) Chrome/76.0.3809.132 Safari/537.36"
::1 - - [16/Sep/2019:20:09:45 -0300] "POST /clase4/index.php HTTP/1.1" 200 287 "-" "Mozilla/5.0 (Windows NT 6.1; Win64; x64) AppleWebKit/537.36 (KHTML, like Gecko) Chrome/76.0.3809.132 Safari/537.36"
::1 - - [16/Sep/2019:20:10:08 -0300] "POST /clase4/index.php HTTP/1.1" 200 126 "-" "Mozilla/5.0 (Windows NT 6.1; Win64; x64) AppleWebKit/537.36 (KHTML, like Gecko) Chrome/76.0.3809.132 Safari/537.36"
::1 - - [16/Sep/2019:20:10:21 -0300] "POST /clase4/index.php HTTP/1.1" 200 287 "-" "Mozilla/5.0 (Windows NT 6.1; Win64; x64) AppleWebKit/537.36 (KHTML, like Gecko) Chrome/76.0.3809.132 Safari/537.36"
::1 - - [16/Sep/2019:20:11:40 -0300] "POST /clase4/index.php HTTP/1.1" 200 287 "-" "Mozilla/5.0 (Windows NT 6.1; Win64; x64) AppleWebKit/537.36 (KHTML, like Gecko) Chrome/76.0.3809.132 Safari/537.36"
::1 - - [16/Sep/2019:20:12:42 -0300] "POST /clase4/index.php HTTP/1.1" 200 288 "-" "Mozilla/5.0 (Windows NT 6.1; Win64; x64) AppleWebKit/537.36 (KHTML, like Gecko) Chrome/76.0.3809.132 Safari/537.36"
::1 - - [16/Sep/2019:20:13:27 -0300] "POST /clase4/index.php HTTP/1.1" 200 288 "-" "Mozilla/5.0 (Windows NT 6.1; Win64; x64) AppleWebKit/537.36 (KHTML, like Gecko) Chrome/76.0.3809.132 Safari/537.36"
::1 - - [16/Sep/2019:20:13:31 -0300] "GET /clase4/index.php HTTP/1.1" 200 127 "-" "Mozilla/5.0 (Windows NT 6.1; Win64; x64) AppleWebKit/537.36 (KHTML, like Gecko) Chrome/76.0.3809.132 Safari/537.36"
::1 - - [16/Sep/2019:20:13:53 -0300] "POST /clase4/index.php HTTP/1.1" 200 288 "-" "Mozilla/5.0 (Windows NT 6.1; Win64; x64) AppleWebKit/537.36 (KHTML, like Gecko) Chrome/76.0.3809.132 Safari/537.36"
::1 - - [16/Sep/2019:20:14:07 -0300] "POST /clase4/index.php HTTP/1.1" 200 287 "-" "Mozilla/5.0 (Windows NT 6.1; Win64; x64) AppleWebKit/537.36 (KHTML, like Gecko) Chrome/76.0.3809.132 Safari/537.36"
::1 - - [16/Sep/2019:20:22:47 -0300] "POST /clase4/index.php HTTP/1.1" 200 287 "-" "Mozilla/5.0 (Windows NT 6.1; Win64; x64) AppleWebKit/537.36 (KHTML, like Gecko) Chrome/76.0.3809.132 Safari/537.36"
