[Mon Aug 26 21:08:51.138241 2019] [ssl:warn] [pid 1036:tid 268] AH01909: www.example.com:443:0 server certificate does NOT include an ID which matches the server name
[Mon Aug 26 21:08:51.496262 2019] [ssl:warn] [pid 1036:tid 268] AH01909: www.example.com:443:0 server certificate does NOT include an ID which matches the server name
[Mon Aug 26 21:08:51.552265 2019] [mpm_winnt:notice] [pid 1036:tid 268] AH00455: Apache/2.4.39 (Win64) OpenSSL/1.1.1c PHP/7.3.8 configured -- resuming normal operations
[Mon Aug 26 21:08:51.552265 2019] [mpm_winnt:notice] [pid 1036:tid 268] AH00456: Apache Lounge VC15 Server built: May 29 2019 11:22:50
[Mon Aug 26 21:08:51.552265 2019] [core:notice] [pid 1036:tid 268] AH00094: Command line: 'd:\\pino\\progiii\\xampp\\apache\\bin\\httpd.exe -d D:/Pino/ProgIII/Xampp/apache'
[Mon Aug 26 21:08:51.554265 2019] [mpm_winnt:notice] [pid 1036:tid 268] AH00418: Parent: Created child process 4688
[Mon Aug 26 21:08:51.892284 2019] [ssl:warn] [pid 4688:tid 308] AH01909: www.example.com:443:0 server certificate does NOT include an ID which matches the server name
[Mon Aug 26 21:08:51.977289 2019] [ssl:warn] [pid 4688:tid 308] AH01909: www.example.com:443:0 server certificate does NOT include an ID which matches the server name
[Mon Aug 26 21:08:51.995290 2019] [mpm_winnt:notice] [pid 4688:tid 308] AH00354: Child: Starting 150 worker threads.
[Mon Aug 26 21:12:18.960208 2019] [php7:error] [pid 4688:tid 1608] [client ::1:1205] script 'D:/Pino/ProgIII/Xampp/htdocs/clase1/app1.php' not found or unable to stat
[Mon Aug 26 21:22:29.473128 2019] [php7:warn] [pid 4688:tid 1608] [client ::1:1293] PHP Warning:  include(practicaClase2.php): failed to open stream: No such file or directory in D:\\Pino\\ProgIII\\Xampp\\htdocs\\clase1\\index.php on line 2
[Mon Aug 26 21:22:29.474128 2019] [php7:warn] [pid 4688:tid 1608] [client ::1:1293] PHP Warning:  include(): Failed opening 'practicaClase2.php' for inclusion (include_path='D:\\Pino\\ProgIII\\Xampp\\php\\PEAR') in D:\\Pino\\ProgIII\\Xampp\\htdocs\\clase1\\index.php on line 2
[Mon Aug 26 21:22:29.545132 2019] [php7:error] [pid 4688:tid 1608] [client ::1:1293] PHP Fatal error:  Uncaught Error: Call to undefined function Saludar() in D:\\Pino\\ProgIII\\Xampp\\htdocs\\clase1\\index.php:8\nStack trace:\n#0 {main}\n  thrown in D:\\Pino\\ProgIII\\Xampp\\htdocs\\clase1\\index.php on line 8
[Mon Aug 26 21:47:35.513268 2019] [php7:warn] [pid 4688:tid 1608] [client ::1:1517] PHP Warning:  include(persona.php): failed to open stream: No such file or directory in D:\\Pino\\ProgIII\\Xampp\\htdocs\\clase1\\index.php on line 3
[Mon Aug 26 21:47:35.513268 2019] [php7:warn] [pid 4688:tid 1608] [client ::1:1517] PHP Warning:  include(): Failed opening 'persona.php' for inclusion (include_path='D:\\Pino\\ProgIII\\Xampp\\php\\PEAR') in D:\\Pino\\ProgIII\\Xampp\\htdocs\\clase1\\index.php on line 3
[Mon Aug 26 21:47:35.569271 2019] [php7:error] [pid 4688:tid 1608] [client ::1:1517] PHP Fatal error:  Uncaught Error: Class 'Persona' not found in D:\\Pino\\ProgIII\\Xampp\\htdocs\\clase1\\index.php:11\nStack trace:\n#0 {main}\n  thrown in D:\\Pino\\ProgIII\\Xampp\\htdocs\\clase1\\index.php on line 11
[Mon Aug 26 21:47:55.947437 2019] [php7:error] [pid 4688:tid 1608] [client ::1:1523] PHP Fatal error:  Cannot redeclare Saludar() (previously declared in D:\\Pino\\ProgIII\\Xampp\\htdocs\\clase1\\practicaClase.php:3) in D:\\Pino\\ProgIII\\Xampp\\htdocs\\clase1\\practicaClase.php on line 5
[Mon Aug 26 21:48:04.702938 2019] [php7:error] [pid 4688:tid 1608] [client ::1:1524] PHP Fatal error:  Cannot redeclare Saludar() (previously declared in D:\\Pino\\ProgIII\\Xampp\\htdocs\\clase1\\practicaClase.php:3) in D:\\Pino\\ProgIII\\Xampp\\htdocs\\clase1\\practicaClase.php on line 5
[Mon Aug 26 21:48:23.263999 2019] [php7:error] [pid 4688:tid 1608] [client ::1:1529] PHP Fatal error:  Cannot redeclare Saluda() (previously declared in D:\\Pino\\ProgIII\\Xampp\\htdocs\\clase1\\practicaClase.php:3) in D:\\Pino\\ProgIII\\Xampp\\htdocs\\clase1\\practicaClase.php on line 5
[Mon Aug 26 21:48:53.448726 2019] [php7:error] [pid 4688:tid 1608] [client ::1:1531] PHP Fatal error:  Cannot redeclare Saluda() (previously declared in D:\\Pino\\ProgIII\\Xampp\\htdocs\\clase1\\practicaClase.php:3) in D:\\Pino\\ProgIII\\Xampp\\htdocs\\clase1\\practicaClase.php on line 5
